This file contains any messages produced by compilers while
running configure, to aid debugging if configure makes a mistake.

It was created by DG configure 0.1, which was
generated by GNU Autoconf 2.69.  Invocation command line was

  $ ./configure 

## --------- ##
## Platform. ##
## --------- ##

hostname = 7be20bc9d22d
uname -m = aarch64
uname -r = 5.10.104-linuxkit
uname -s = Linux
uname -v = #1 SMP PREEMPT Thu Mar 17 17:05:54 UTC 2022

/usr/bin/uname -p = aarch64
/bin/uname -X     = unknown

/bin/arch              = aarch64
/usr/bin/arch -k       = unknown
/usr/convex/getsysinfo = unknown
/usr/bin/hostinfo      = unknown
/bin/machine           = unknown
/usr/bin/oslevel       = unknown
/bin/universe          = unknown

PATH: /usr/local/sbin
PATH: /usr/local/bin
PATH: /usr/sbin
PATH: /usr/bin
PATH: /sbin
PATH: /bin
PATH: /usr/games
PATH: /usr/local/games
PATH: /snap/bin
PATH: /opt/simgrid3.26/bin
PATH: /home/smallcat/.nix-profile/bin


## ----------- ##
## Core tests. ##
## ----------- ##

configure:2314: checking for a BSD-compatible install
configure:2382: result: /usr/bin/install -c
configure:2393: checking whether build environment is sane
configure:2448: result: yes
configure:2597: checking for a thread-safe mkdir -p
configure:2636: result: /usr/bin/mkdir -p
configure:2643: checking for gawk
configure:2659: found /usr/bin/gawk
configure:2670: result: gawk
configure:2681: checking whether make sets $(MAKE)
configure:2703: result: yes
configure:2732: checking whether make supports nested variables
configure:2749: result: yes
configure:2929: checking for gcc
configure:2945: found /usr/bin/gcc
configure:2956: result: gcc
configure:3185: checking for C compiler version
configure:3194: gcc --version >&5
gcc (Ubuntu 9.3.0-17ubuntu1~20.04) 9.3.0
Copyright (C) 2019 Free Software Foundation, Inc.
This is free software; see the source for copying conditions.  There is NO
warranty; not even for MERCHANTABILITY or FITNESS FOR A PARTICULAR PURPOSE.

configure:3205: $? = 0
configure:3194: gcc -v >&5
Using built-in specs.
COLLECT_GCC=gcc
COLLECT_LTO_WRAPPER=/usr/lib/gcc/aarch64-linux-gnu/9/lto-wrapper
Target: aarch64-linux-gnu
Configured with: ../src/configure -v --with-pkgversion='Ubuntu 9.3.0-17ubuntu1~20.04' --with-bugurl=file:///usr/share/doc/gcc-9/README.Bugs --enable-languages=c,ada,c++,go,d,fortran,objc,obj-c++,gm2 --prefix=/usr --with-gcc-major-version-only --program-suffix=-9 --program-prefix=aarch64-linux-gnu- --enable-shared --enable-linker-build-id --libexecdir=/usr/lib --without-included-gettext --enable-threads=posix --libdir=/usr/lib --enable-nls --enable-clocale=gnu --enable-libstdcxx-debug --enable-libstdcxx-time=yes --with-default-libstdcxx-abi=new --enable-gnu-unique-object --disable-libquadmath --disable-libquadmath-support --enable-plugin --enable-default-pie --with-system-zlib --with-target-system-zlib=auto --enable-objc-gc=auto --enable-multiarch --enable-fix-cortex-a53-843419 --disable-werror --enable-checking=release --build=aarch64-linux-gnu --host=aarch64-linux-gnu --target=aarch64-linux-gnu
Thread model: posix
gcc version 9.3.0 (Ubuntu 9.3.0-17ubuntu1~20.04) 
configure:3205: $? = 0
configure:3194: gcc -V >&5
gcc: error: unrecognized command line option '-V'
gcc: fatal error: no input files
compilation terminated.
configure:3205: $? = 1
configure:3194: gcc -qversion >&5
gcc: error: unrecognized command line option '-qversion'; did you mean '--version'?
gcc: fatal error: no input files
compilation terminated.
configure:3205: $? = 1
configure:3225: checking whether the C compiler works
configure:3247: gcc -O3 -std=c99 -Wall   conftest.c  >&5
configure:3251: $? = 0
configure:3299: result: yes
configure:3302: checking for C compiler default output file name
configure:3304: result: a.out
configure:3310: checking for suffix of executables
configure:3317: gcc -o conftest -O3 -std=c99 -Wall   conftest.c  >&5
configure:3321: $? = 0
configure:3343: result: 
configure:3365: checking whether we are cross compiling
configure:3373: gcc -o conftest -O3 -std=c99 -Wall   conftest.c  >&5
configure:3377: $? = 0
configure:3384: ./conftest
configure:3388: $? = 0
configure:3376: result: no
configure:3381: checking for suffix of object files
configure:3403: gcc -c -O3 -std=c99 -Wall  conftest.c >&5
configure:3407: $? = 0
configure:3428: result: o
configure:3432: checking whether we are using the GNU C compiler
configure:3451: gcc -c -O3 -std=c99 -Wall  conftest.c >&5
configure:3451: $? = 0
configure:3460: result: yes
configure:3469: checking whether gcc accepts -g
configure:3489: gcc -c -g  conftest.c >&5
configure:3489: $? = 0
configure:3530: result: yes
configure:3547: checking for gcc option to accept ISO C89
configure:3610: gcc  -c -O3 -std=c99 -Wall  conftest.c >&5
configure:3610: $? = 0
configure:3623: result: none needed
configure:3648: checking whether gcc understands -c and -o together
configure:3670: gcc -c conftest.c -o conftest2.o
configure:3673: $? = 0
configure:3670: gcc -c conftest.c -o conftest2.o
configure:3673: $? = 0
configure:3685: result: yes
configure:3705: checking whether make supports the include directive
configure:3720: make -f confmf.GNU && cat confinc.out
this is the am__doit target
configure:3723: $? = 0
configure:3742: result: yes (GNU style)
configure:3767: checking dependency style of gcc
configure:3878: result: gcc3
configure:3936: checking for ranlib
configure:3952: found /usr/bin/ranlib
configure:3963: result: ranlib
configure:4035: checking for ar
configure:4051: found /usr/bin/ar
configure:4062: result: ar
configure:4088: checking the archiver (ar) interface
configure:4104: gcc -c -O3 -std=c99 -Wall  conftest.c >&5
configure:4104: $? = 0
configure:4106: ar cru libconftest.a conftest.o >&5
ar: `u' modifier ignored since `D' is the default (see `U')
configure:4109: $? = 0
configure:4108: result: ar
configure:4157: checking build system type
configure:4171: result: aarch64-unknown-linux-gnu
configure:4191: checking host system type
configure:4204: result: aarch64-unknown-linux-gnu
configure:4245: checking how to print strings
configure:4272: result: printf
configure:4293: checking for a sed that does not truncate output
configure:4357: result: /usr/bin/sed
configure:4375: checking for grep that handles long lines and -e
configure:4433: result: /usr/bin/grep
configure:4438: checking for egrep
configure:4500: result: /usr/bin/grep -E
configure:4505: checking for fgrep
configure:4567: result: /usr/bin/grep -F
configure:4602: checking for ld used by gcc
configure:4669: result: /usr/bin/ld
configure:4676: checking if the linker (/usr/bin/ld) is GNU ld
configure:4691: result: yes
configure:4703: checking for BSD- or MS-compatible name lister (nm)
configure:4757: result: /usr/bin/nm -B
configure:4887: checking the name lister (/usr/bin/nm -B) interface
configure:4894: gcc -c -O3 -std=c99 -Wall  conftest.c >&5
configure:4897: /usr/bin/nm -B "conftest.o"
configure:4900: output
0000000000000000 B some_variable
configure:4901: result: BSD nm
configure:4904: checking whether ln -s works
configure:4908: result: yes
configure:4916: checking the maximum length of command line arguments
configure:5047: result: 1572864
configure:5095: checking how to convert aarch64-unknown-linux-gnu file names to aarch64-unknown-linux-gnu format
configure:5135: result: func_convert_file_noop
configure:5142: checking how to convert aarch64-unknown-linux-gnu file names to toolchain format
configure:5162: result: func_convert_file_noop
configure:5169: checking for /usr/bin/ld option to reload object files
configure:5176: result: -r
configure:5250: checking for objdump
configure:5266: found /usr/bin/objdump
configure:5277: result: objdump
configure:5309: checking how to recognize dependent libraries
configure:5509: result: pass_all
configure:5594: checking for dlltool
configure:5624: result: no
configure:5654: checking how to associate runtime and link libraries
configure:5681: result: printf %s\n
configure:5805: checking for archiver @FILE support
configure:5822: gcc -c -O3 -std=c99 -Wall  conftest.c >&5
configure:5822: $? = 0
configure:5825: ar cru libconftest.a @conftest.lst >&5
ar: `u' modifier ignored since `D' is the default (see `U')
configure:5828: $? = 0
configure:5833: ar cru libconftest.a @conftest.lst >&5
ar: `u' modifier ignored since `D' is the default (see `U')
ar: conftest.o: No such file or directory
configure:5836: $? = 1
configure:5835: result: @
configure:5893: checking for strip
configure:5909: found /usr/bin/strip
configure:5920: result: strip
configure:5992: checking for ranlib
configure:6019: result: ranlib
configure:6121: checking command to parse /usr/bin/nm -B output from gcc object
configure:6274: gcc -c -O3 -std=c99 -Wall  conftest.c >&5
configure:6277: $? = 0
configure:6281: /usr/bin/nm -B conftest.o \| sed -n -e 's/^.*[ ]\([ABCDGIRSTW][ABCDGIRSTW]*\)[ ][ ]*\([_A-Za-z][_A-Za-z0-9]*\)$/\1 \2 \2/p' | sed '/ __gnu_lto/d' \> conftest.nm
configure:6284: $? = 0
configure:6350: gcc -o conftest -O3 -std=c99 -Wall   conftest.c conftstm.o >&5
configure:6353: $? = 0
configure:6391: result: ok
configure:6438: checking for sysroot
configure:6468: result: no
configure:6475: checking for a working dd
configure:6513: result: /usr/bin/dd
configure:6517: checking how to truncate binary pipes
configure:6532: result: /usr/bin/dd bs=4096 count=1
configure:6861: checking for mt
configure:6891: result: no
configure:6911: checking if : is a manifest tool
configure:6917: : '-?'
configure:6925: result: no
configure:7602: checking how to run the C preprocessor
configure:7633: gcc -E  conftest.c
configure:7633: $? = 0
configure:7647: gcc -E  conftest.c
conftest.c:11:10: fatal error: ac_nonexistent.h: No such file or directory
   11 | #include <ac_nonexistent.h>
      |          ^~~~~~~~~~~~~~~~~~
compilation terminated.
configure:7647: $? = 1
configure: failed program was:
| /* confdefs.h */
| #define PACKAGE_NAME "DG"
| #define PACKAGE_TARNAME "dg"
| #define PACKAGE_VERSION "0.1"
| #define PACKAGE_STRING "DG 0.1"
| #define PACKAGE_BUGREPORT "sdi1@anl.gov"
| #define PACKAGE_URL ""
| #define PACKAGE "dg"
| #define VERSION "0.1"
| /* end confdefs.h.  */
| #include <ac_nonexistent.h>
configure:7672: result: gcc -E
configure:7692: gcc -E  conftest.c
configure:7692: $? = 0
configure:7706: gcc -E  conftest.c
conftest.c:11:10: fatal error: ac_nonexistent.h: No such file or directory
   11 | #include <ac_nonexistent.h>
      |          ^~~~~~~~~~~~~~~~~~
compilation terminated.
configure:7706: $? = 1
configure: failed program was:
| /* confdefs.h */
| #define PACKAGE_NAME "DG"
| #define PACKAGE_TARNAME "dg"
| #define PACKAGE_VERSION "0.1"
| #define PACKAGE_STRING "DG 0.1"
| #define PACKAGE_BUGREPORT "sdi1@anl.gov"
| #define PACKAGE_URL ""
| #define PACKAGE "dg"
| #define VERSION "0.1"
| /* end confdefs.h.  */
| #include <ac_nonexistent.h>
configure:7735: checking for ANSI C header files
configure:7755: gcc -c -O3 -std=c99 -Wall  conftest.c >&5
configure:7755: $? = 0
configure:7828: gcc -o conftest -O3 -std=c99 -Wall   conftest.c  >&5
configure:7828: $? = 0
configure:7828: ./conftest
configure:7828: $? = 0
configure:7839: result: yes
configure:7852: checking for sys/types.h
configure:7852: gcc -c -O3 -std=c99 -Wall  conftest.c >&5
configure:7852: $? = 0
configure:7852: result: yes
configure:7852: checking for sys/stat.h
configure:7852: gcc -c -O3 -std=c99 -Wall  conftest.c >&5
configure:7852: $? = 0
configure:7852: result: yes
configure:7852: checking for stdlib.h
configure:7852: gcc -c -O3 -std=c99 -Wall  conftest.c >&5
configure:7852: $? = 0
configure:7852: result: yes
configure:7852: checking for string.h
configure:7852: gcc -c -O3 -std=c99 -Wall  conftest.c >&5
configure:7852: $? = 0
configure:7852: result: yes
configure:7852: checking for memory.h
configure:7852: gcc -c -O3 -std=c99 -Wall  conftest.c >&5
configure:7852: $? = 0
configure:7852: result: yes
configure:7852: checking for strings.h
configure:7852: gcc -c -O3 -std=c99 -Wall  conftest.c >&5
configure:7852: $? = 0
configure:7852: result: yes
configure:7852: checking for inttypes.h
configure:7852: gcc -c -O3 -std=c99 -Wall  conftest.c >&5
configure:7852: $? = 0
configure:7852: result: yes
configure:7852: checking for stdint.h
configure:7852: gcc -c -O3 -std=c99 -Wall  conftest.c >&5
configure:7852: $? = 0
configure:7852: result: yes
configure:7852: checking for unistd.h
configure:7852: gcc -c -O3 -std=c99 -Wall  conftest.c >&5
configure:7852: $? = 0
configure:7852: result: yes
configure:7866: checking for dlfcn.h
configure:7866: gcc -c -O3 -std=c99 -Wall  conftest.c >&5
configure:7866: $? = 0
configure:7866: result: yes
configure:8122: checking for objdir
configure:8137: result: .libs
configure:8397: checking if gcc supports -fno-rtti -fno-exceptions
configure:8415: gcc -c -O3 -std=c99 -Wall  -fno-rtti -fno-exceptions conftest.c >&5
cc1: warning: command line option '-fno-rtti' is valid for C++/D/ObjC++ but not for C
configure:8419: $? = 0
configure:8432: result: no
configure:8790: checking for gcc option to produce PIC
configure:8797: result: -fPIC -DPIC
configure:8805: checking if gcc PIC flag -fPIC -DPIC works
configure:8823: gcc -c -O3 -std=c99 -Wall  -fPIC -DPIC -DPIC conftest.c >&5
configure:8827: $? = 0
configure:8840: result: yes
configure:8869: checking if gcc static flag -static works
configure:8897: result: yes
configure:8912: checking if gcc supports -c -o file.o
configure:8933: gcc -c -O3 -std=c99 -Wall  -o out/conftest2.o conftest.c >&5
configure:8937: $? = 0
configure:8959: result: yes
configure:8967: checking if gcc supports -c -o file.o
configure:9014: result: yes
configure:9047: checking whether the gcc linker (/usr/bin/ld) supports shared libraries
configure:10306: result: yes
configure:10343: checking whether -lc should be explicitly linked in
configure:10351: gcc -c -O3 -std=c99 -Wall  conftest.c >&5
configure:10354: $? = 0
configure:10369: gcc -shared  -fPIC -DPIC conftest.o  -v -Wl,-soname -Wl,conftest -o conftest 2\>\&1 \| /usr/bin/grep  -lc  \>/dev/null 2\>\&1
configure:10372: $? = 0
configure:10386: result: no
configure:10546: checking dynamic linker characteristics
configure:11127: gcc -o conftest -O3 -std=c99 -Wall   -Wl,-rpath -Wl,/foo conftest.c  >&5
configure:11127: $? = 0
configure:11367: result: GNU/Linux ld.so
configure:11489: checking how to hardcode library paths into programs
configure:11514: result: immediate
configure:12062: checking whether stripping libraries is possible
configure:12067: result: yes
configure:12102: checking if libtool supports shared libraries
configure:12104: result: yes
configure:12107: checking whether to build shared libraries
configure:12132: result: yes
configure:12135: checking whether to build static libraries
configure:12139: result: yes
configure:8968: checking whether to enable maintainer-specific portions of Makefiles
configure:8977: result: no
configure:8995: checking fcntl.h usability
configure:8995: gcc -c -O3 -std=c99 -Wall  conftest.c >&5
configure:8995: $? = 0
configure:8995: result: yes
configure:8995: checking fcntl.h presence
configure:8995: gcc -E  conftest.c
configure:8995: $? = 0
configure:8995: result: yes
configure:8995: checking for fcntl.h
configure:8995: result: yes
configure:8995: checking limits.h usability
configure:8995: gcc -c -O3 -std=c99 -Wall  conftest.c >&5
configure:8995: $? = 0
configure:8995: result: yes
configure:8995: checking limits.h presence
configure:8995: gcc -E  conftest.c
configure:8995: $? = 0
configure:8995: result: yes
configure:8995: checking for limits.h
configure:8995: result: yes
configure:8995: checking malloc.h usability
configure:8995: gcc -c -O3 -std=c99 -Wall  conftest.c >&5
configure:8995: $? = 0
configure:8995: result: yes
configure:8995: checking malloc.h presence
configure:8995: gcc -E  conftest.c
configure:8995: $? = 0
configure:8995: result: yes
configure:8995: checking for malloc.h
configure:8995: result: yes
configure:8995: checking stddef.h usability
configure:8995: gcc -c -O3 -std=c99 -Wall  conftest.c >&5
configure:8995: $? = 0
configure:8995: result: yes
configure:8995: checking stddef.h presence
configure:8995: gcc -E  conftest.c
configure:8995: $? = 0
configure:8995: result: yes
configure:8995: checking for stddef.h
configure:8995: result: yes
configure:8995: checking for stdlib.h
configure:8995: result: yes
configure:8995: checking for string.h
configure:8995: result: yes
configure:8995: checking sys/time.h usability
configure:8995: gcc -c -O3 -std=c99 -Wall  conftest.c >&5
configure:8995: $? = 0
configure:8995: result: yes
configure:8995: checking sys/time.h presence
configure:8995: gcc -E  conftest.c
configure:8995: $? = 0
configure:8995: result: yes
configure:8995: checking for sys/time.h
configure:8995: result: yes
configure:8995: checking for unistd.h
configure:8995: result: yes
configure:9008: checking for size_t
configure:9008: gcc -c -O3 -std=c99 -Wall  conftest.c >&5
configure:9008: $? = 0
configure:9008: gcc -c -O3 -std=c99 -Wall  conftest.c >&5
conftest.c: In function 'main':
conftest.c:67:21: error: expected expression before ')' token
   67 | if (sizeof ((size_t)))
      |                     ^
configure:9008: $? = 1
configure: failed program was:
| /* confdefs.h */
| #define PACKAGE_NAME "DG"
| #define PACKAGE_TARNAME "dg"
| #define PACKAGE_VERSION "0.1"
| #define PACKAGE_STRING "DG 0.1"
| #define PACKAGE_BUGREPORT "sdi1@anl.gov"
| #define PACKAGE_URL ""
| #define PACKAGE "dg"
| #define VERSION "0.1"
| #define STDC_HEADERS 1
| #define HAVE_SYS_TYPES_H 1
| #define HAVE_SYS_STAT_H 1
| #define HAVE_STDLIB_H 1
| #define HAVE_STRING_H 1
| #define HAVE_MEMORY_H 1
| #define HAVE_STRINGS_H 1
| #define HAVE_INTTYPES_H 1
| #define HAVE_STDINT_H 1
| #define HAVE_UNISTD_H 1
| #define HAVE_DLFCN_H 1
| #define LT_OBJDIR ".libs/"
| #define HAVE_FCNTL_H 1
| #define HAVE_LIMITS_H 1
| #define HAVE_MALLOC_H 1
| #define HAVE_STDDEF_H 1
| #define HAVE_STDLIB_H 1
| #define HAVE_STRING_H 1
| #define HAVE_SYS_TIME_H 1
| #define HAVE_UNISTD_H 1
| /* end confdefs.h.  */
| #include <stdio.h>
| #ifdef HAVE_SYS_TYPES_H
| # include <sys/types.h>
| #endif
| #ifdef HAVE_SYS_STAT_H
| # include <sys/stat.h>
| #endif
| #ifdef STDC_HEADERS
| # include <stdlib.h>
| # include <stddef.h>
| #else
| # ifdef HAVE_STDLIB_H
| #  include <stdlib.h>
| # endif
| #endif
| #ifdef HAVE_STRING_H
| # if !defined STDC_HEADERS && defined HAVE_MEMORY_H
| #  include <memory.h>
| # endif
| # include <string.h>
| #endif
| #ifdef HAVE_STRINGS_H
| # include <strings.h>
| #endif
| #ifdef HAVE_INTTYPES_H
| # include <inttypes.h>
| #endif
| #ifdef HAVE_STDINT_H
| # include <stdint.h>
| #endif
| #ifdef HAVE_UNISTD_H
| # include <unistd.h>
| #endif
| int
| main ()
| {
| if (sizeof ((size_t)))
| 	    return 0;
|   ;
|   return 0;
| }
configure:9008: result: yes
configure:9019: checking for ptrdiff_t
configure:9019: gcc -c -O3 -std=c99 -Wall  conftest.c >&5
configure:9019: $? = 0
configure:9019: gcc -c -O3 -std=c99 -Wall  conftest.c >&5
conftest.c: In function 'main':
conftest.c:67:24: error: expected expression before ')' token
   67 | if (sizeof ((ptrdiff_t)))
      |                        ^
configure:9019: $? = 1
configure: failed program was:
| /* confdefs.h */
| #define PACKAGE_NAME "DG"
| #define PACKAGE_TARNAME "dg"
| #define PACKAGE_VERSION "0.1"
| #define PACKAGE_STRING "DG 0.1"
| #define PACKAGE_BUGREPORT "sdi1@anl.gov"
| #define PACKAGE_URL ""
| #define PACKAGE "dg"
| #define VERSION "0.1"
| #define STDC_HEADERS 1
| #define HAVE_SYS_TYPES_H 1
| #define HAVE_SYS_STAT_H 1
| #define HAVE_STDLIB_H 1
| #define HAVE_STRING_H 1
| #define HAVE_MEMORY_H 1
| #define HAVE_STRINGS_H 1
| #define HAVE_INTTYPES_H 1
| #define HAVE_STDINT_H 1
| #define HAVE_UNISTD_H 1
| #define HAVE_DLFCN_H 1
| #define LT_OBJDIR ".libs/"
| #define HAVE_FCNTL_H 1
| #define HAVE_LIMITS_H 1
| #define HAVE_MALLOC_H 1
| #define HAVE_STDDEF_H 1
| #define HAVE_STDLIB_H 1
| #define HAVE_STRING_H 1
| #define HAVE_SYS_TIME_H 1
| #define HAVE_UNISTD_H 1
| /* end confdefs.h.  */
| #include <stdio.h>
| #ifdef HAVE_SYS_TYPES_H
| # include <sys/types.h>
| #endif
| #ifdef HAVE_SYS_STAT_H
| # include <sys/stat.h>
| #endif
| #ifdef STDC_HEADERS
| # include <stdlib.h>
| # include <stddef.h>
| #else
| # ifdef HAVE_STDLIB_H
| #  include <stdlib.h>
| # endif
| #endif
| #ifdef HAVE_STRING_H
| # if !defined STDC_HEADERS && defined HAVE_MEMORY_H
| #  include <memory.h>
| # endif
| # include <string.h>
| #endif
| #ifdef HAVE_STRINGS_H
| # include <strings.h>
| #endif
| #ifdef HAVE_INTTYPES_H
| # include <inttypes.h>
| #endif
| #ifdef HAVE_STDINT_H
| # include <stdint.h>
| #endif
| #ifdef HAVE_UNISTD_H
| # include <unistd.h>
| #endif
| int
| main ()
| {
| if (sizeof ((ptrdiff_t)))
| 	    return 0;
|   ;
|   return 0;
| }
configure:9019: result: yes
configure:9033: checking for stdlib.h
configure:9033: result: yes
configure:9043: checking for GNU libc compatible malloc
configure:9067: gcc -o conftest -O3 -std=c99 -Wall   conftest.c  >&5
configure:9067: $? = 0
configure:9067: ./conftest
configure:9067: $? = 0
configure:9077: result: yes
configure:9100: checking for stdlib.h
configure:9100: result: yes
configure:9110: checking for GNU libc compatible realloc
configure:9134: gcc -o conftest -O3 -std=c99 -Wall   conftest.c  >&5
configure:9134: $? = 0
configure:9134: ./conftest
configure:9134: $? = 0
configure:9144: result: yes
configure:9168: checking for memchr
configure:9168: gcc -o conftest -O3 -std=c99 -Wall   conftest.c  >&5
conftest.c:59:6: warning: conflicting types for built-in function 'memchr'; expected 'void *(const void *, int,  long unsigned int)' [-Wbuiltin-declaration-mismatch]
   59 | char memchr ();
      |      ^~~~~~
conftest.c:47:1: note: 'memchr' is declared in header '<string.h>'
   46 | # include <limits.h>
   47 | #else
configure:9168: $? = 0
configure:9168: result: yes
configure:9168: checking for memset
configure:9168: gcc -o conftest -O3 -std=c99 -Wall   conftest.c  >&5
conftest.c:60:6: warning: conflicting types for built-in function 'memset'; expected 'void *(void *, int,  long unsigned int)' [-Wbuiltin-declaration-mismatch]
   60 | char memset ();
      |      ^~~~~~
conftest.c:48:1: note: 'memset' is declared in header '<string.h>'
   47 | # include <limits.h>
   48 | #else
configure:9168: $? = 0
configure:9168: result: yes
configure:9168: checking for strchr
configure:9168: gcc -o conftest -O3 -std=c99 -Wall   conftest.c  >&5
conftest.c:61:6: warning: conflicting types for built-in function 'strchr'; expected 'char *(const char *, int)' [-Wbuiltin-declaration-mismatch]
   61 | char strchr ();
      |      ^~~~~~
conftest.c:49:1: note: 'strchr' is declared in header '<string.h>'
   48 | # include <limits.h>
   49 | #else
configure:9168: $? = 0
configure:9168: result: yes
configure:9168: checking for strtol
configure:9168: gcc -o conftest -O3 -std=c99 -Wall   conftest.c  >&5
configure:9168: $? = 0
configure:9168: result: yes
configure:9281: checking that generated files are newer than configure
configure:9287: result: done
configure:9314: creating ./config.status

## ---------------------- ##
## Running config.status. ##
## ---------------------- ##

This file was extended by DG config.status 0.1, which was
generated by GNU Autoconf 2.69.  Invocation command line was

  CONFIG_FILES    = 
  CONFIG_HEADERS  = 
  CONFIG_LINKS    = 
  CONFIG_COMMANDS = 
  $ ./config.status 

on 7be20bc9d22d

config.status:1102: creating Makefile
config.status:1102: creating libdround/Makefile
config.status:1102: creating zlib/Makefile
config.status:1102: creating examples/Makefile
config.status:1102: creating config.h
config.status:1331: executing depfiles commands
config.status:1408: cd libdround       && sed -e '/# am--include-marker/d' Makefile         | make -f - am--depfiles
config.status:1413: $? = 0
config.status:1408: cd zlib       && sed -e '/# am--include-marker/d' Makefile         | make -f - am--depfiles
make: Nothing to be done for 'am--depfiles'.
config.status:1413: $? = 0
config.status:1408: cd examples       && sed -e '/# am--include-marker/d' Makefile         | make -f - am--depfiles
config.status:1413: $? = 0
config.status:1331: executing libtool commands

## ---------------- ##
## Cache variables. ##
## ---------------- ##

ac_cv_build=aarch64-unknown-linux-gnu
ac_cv_c_compiler_gnu=yes
ac_cv_env_CC_set=
ac_cv_env_CC_value=
ac_cv_env_CFLAGS_set=
ac_cv_env_CFLAGS_value=
ac_cv_env_CPPFLAGS_set=
ac_cv_env_CPPFLAGS_value=
ac_cv_env_CPP_set=
ac_cv_env_CPP_value=
ac_cv_env_LDFLAGS_set=
ac_cv_env_LDFLAGS_value=
ac_cv_env_LIBS_set=
ac_cv_env_LIBS_value=
ac_cv_env_LT_SYS_LIBRARY_PATH_set=
ac_cv_env_LT_SYS_LIBRARY_PATH_value=
ac_cv_env_build_alias_set=
ac_cv_env_build_alias_value=
ac_cv_env_host_alias_set=
ac_cv_env_host_alias_value=
ac_cv_env_target_alias_set=
ac_cv_env_target_alias_value=
ac_cv_func_malloc_0_nonnull=yes
ac_cv_func_memchr=yes
ac_cv_func_memset=yes
ac_cv_func_realloc_0_nonnull=yes
ac_cv_func_strchr=yes
ac_cv_func_strtol=yes
ac_cv_header_dlfcn_h=yes
ac_cv_header_fcntl_h=yes
ac_cv_header_inttypes_h=yes
ac_cv_header_limits_h=yes
ac_cv_header_malloc_h=yes
ac_cv_header_memory_h=yes
ac_cv_header_stdc=yes
ac_cv_header_stddef_h=yes
ac_cv_header_stdint_h=yes
ac_cv_header_stdlib_h=yes
ac_cv_header_string_h=yes
ac_cv_header_strings_h=yes
ac_cv_header_sys_stat_h=yes
ac_cv_header_sys_time_h=yes
ac_cv_header_sys_types_h=yes
ac_cv_header_unistd_h=yes
ac_cv_host=aarch64-unknown-linux-gnu
ac_cv_objext=o
ac_cv_path_EGREP='/usr/bin/grep -E'
ac_cv_path_FGREP='/usr/bin/grep -F'
ac_cv_path_GREP=/usr/bin/grep
ac_cv_path_SED=/usr/bin/sed
ac_cv_path_install='/usr/bin/install -c'
ac_cv_path_lt_DD=/usr/bin/dd
ac_cv_path_mkdir=/usr/bin/mkdir
ac_cv_prog_AWK=gawk
ac_cv_prog_CPP='gcc -E'
ac_cv_prog_ac_ct_AR=ar
ac_cv_prog_ac_ct_CC=gcc
ac_cv_prog_ac_ct_OBJDUMP=objdump
ac_cv_prog_ac_ct_RANLIB=ranlib
ac_cv_prog_ac_ct_STRIP=strip
ac_cv_prog_cc_c89=
ac_cv_prog_cc_g=yes
ac_cv_prog_make_make_set=yes
ac_cv_type_ptrdiff_t=yes
ac_cv_type_size_t=yes
am_cv_CC_dependencies_compiler_type=gcc3
am_cv_ar_interface=ar
am_cv_make_support_nested_variables=yes
am_cv_prog_cc_c_o=yes
lt_cv_ar_at_file=@
lt_cv_archive_cmds_need_lc=no
lt_cv_deplibs_check_method=pass_all
lt_cv_file_magic_cmd='$MAGIC_CMD'
lt_cv_file_magic_test_file=
lt_cv_ld_reload_flag=-r
lt_cv_nm_interface='BSD nm'
lt_cv_objdir=.libs
lt_cv_path_LD=/usr/bin/ld
lt_cv_path_NM='/usr/bin/nm -B'
lt_cv_path_mainfest_tool=no
lt_cv_prog_compiler_c_o=yes
lt_cv_prog_compiler_pic='-fPIC -DPIC'
lt_cv_prog_compiler_pic_works=yes
lt_cv_prog_compiler_rtti_exceptions=no
lt_cv_prog_compiler_static_works=yes
lt_cv_prog_gnu_ld=yes
lt_cv_sharedlib_from_linklib_cmd='printf %s\n'
lt_cv_shlibpath_overrides_runpath=yes
lt_cv_sys_global_symbol_pipe='sed -n -e '\''s/^.*[	 ]\([ABCDGIRSTW][ABCDGIRSTW]*\)[	 ][	 ]*\([_A-Za-z][_A-Za-z0-9]*\)$/\1 \2 \2/p'\'' | sed '\''/ __gnu_lto/d'\'''
lt_cv_sys_global_symbol_to_c_name_address='sed -n -e '\''s/^: \(.*\) .*$/  {"\1", (void *) 0},/p'\'' -e '\''s/^[ABCDGIRSTW][ABCDGIRSTW]* .* \(.*\)$/  {"\1", (void *) \&\1},/p'\'''
lt_cv_sys_global_symbol_to_c_name_address_lib_prefix='sed -n -e '\''s/^: \(.*\) .*$/  {"\1", (void *) 0},/p'\'' -e '\''s/^[ABCDGIRSTW][ABCDGIRSTW]* .* \(lib.*\)$/  {"\1", (void *) \&\1},/p'\'' -e '\''s/^[ABCDGIRSTW][ABCDGIRSTW]* .* \(.*\)$/  {"lib\1", (void *) \&\1},/p'\'''
lt_cv_sys_global_symbol_to_cdecl='sed -n -e '\''s/^T .* \(.*\)$/extern int \1();/p'\'' -e '\''s/^[ABCDGIRSTW][ABCDGIRSTW]* .* \(.*\)$/extern char \1;/p'\'''
lt_cv_sys_global_symbol_to_import=
lt_cv_sys_max_cmd_len=1572864
lt_cv_to_host_file_cmd=func_convert_file_noop
lt_cv_to_tool_file_cmd=func_convert_file_noop
lt_cv_truncate_bin='/usr/bin/dd bs=4096 count=1'

## ----------------- ##
## Output variables. ##
## ----------------- ##

ACLOCAL='${SHELL} /github/data-compression/digitroundingZ-master/missing aclocal-1.16'
AMDEPBACKSLASH='\'
AMDEP_FALSE='#'
AMDEP_TRUE=''
AMTAR='$${TAR-tar}'
AM_BACKSLASH='\'
AM_DEFAULT_V='$(AM_DEFAULT_VERBOSITY)'
AM_DEFAULT_VERBOSITY='1'
AM_V='$(V)'
AR='ar'
AUTOCONF='${SHELL} /github/data-compression/digitroundingZ-master/missing autoconf'
AUTOHEADER='${SHELL} /github/data-compression/digitroundingZ-master/missing autoheader'
AUTOMAKE='${SHELL} /github/data-compression/digitroundingZ-master/missing automake-1.16'
AWK='gawk'
CC='gcc'
CCDEPMODE='depmode=gcc3'
CFLAGS='-O3 -std=c99 -Wall'
CPP='gcc -E'
CPPFLAGS=''
CYGPATH_W='echo'
DEFS='-DHAVE_CONFIG_H'
DEPDIR='.deps'
DLLTOOL='false'
DSYMUTIL=''
DUMPBIN=''
ECHO_C=''
ECHO_N='-n'
ECHO_T=''
EGREP='/usr/bin/grep -E'
EXEEXT=''
FGREP='/usr/bin/grep -F'
GREP='/usr/bin/grep'
INSTALL_DATA='${INSTALL} -m 644'
INSTALL_PROGRAM='${INSTALL}'
INSTALL_SCRIPT='${INSTALL}'
INSTALL_STRIP_PROGRAM='$(install_sh) -c -s'
LD='/usr/bin/ld'
LDFLAGS=''
LIBOBJS=''
LIBS=''
LIBTOOL='$(SHELL) $(top_builddir)/libtool'
LIPO=''
LN_S='ln -s'
LTLIBOBJS=''
LT_SYS_LIBRARY_PATH=''
MAINT='#'
MAINTAINER_MODE_FALSE=''
MAINTAINER_MODE_TRUE='#'
MAKEINFO='${SHELL} /github/data-compression/digitroundingZ-master/missing makeinfo'
MANIFEST_TOOL=':'
MKDIR_P='/usr/bin/mkdir -p'
NM='/usr/bin/nm -B'
NMEDIT=''
OBJDUMP='objdump'
OBJEXT='o'
OTOOL64=''
OTOOL=''
PACKAGE='dg'
PACKAGE_BUGREPORT='sdi1@anl.gov'
PACKAGE_NAME='DG'
PACKAGE_STRING='DG 0.1'
PACKAGE_TARNAME='dg'
PACKAGE_URL=''
PACKAGE_VERSION='0.1'
PATH_SEPARATOR=':'
RANLIB='ranlib'
SED='/usr/bin/sed'
SET_MAKE=''
SHELL='/bin/bash'
STRIP='strip'
VERSION='0.1'
ac_ct_AR='ar'
ac_ct_CC='gcc'
ac_ct_DUMPBIN=''
am__EXEEXT_FALSE=''
am__EXEEXT_TRUE='#'
am__fastdepCC_FALSE='#'
am__fastdepCC_TRUE=''
am__include='include'
am__isrc=''
am__leading_dot='.'
am__nodep='_no'
am__quote=''
am__tar='$${TAR-tar} chof - "$$tardir"'
am__untar='$${TAR-tar} xf -'
bindir='${exec_prefix}/bin'
build='aarch64-unknown-linux-gnu'
build_alias=''
build_cpu='aarch64'
build_os='linux-gnu'
build_vendor='unknown'
datadir='${datarootdir}'
datarootdir='${prefix}/share'
docdir='${datarootdir}/doc/${PACKAGE_TARNAME}'
dvidir='${docdir}'
exec_prefix='${prefix}'
host='aarch64-unknown-linux-gnu'
host_alias=''
host_cpu='aarch64'
host_os='linux-gnu'
host_vendor='unknown'
htmldir='${docdir}'
includedir='${prefix}/include'
infodir='${datarootdir}/info'
install_sh='${SHELL} /github/data-compression/digitroundingZ-master/install-sh'
libdir='${exec_prefix}/lib'
libexecdir='${exec_prefix}/libexec'
localedir='${datarootdir}/locale'
localstatedir='${prefix}/var'
mandir='${datarootdir}/man'
mkdir_p='$(MKDIR_P)'
oldincludedir='/usr/include'
pdfdir='${docdir}'
prefix='/usr/local'
program_transform_name='s,x,x,'
psdir='${docdir}'
sbindir='${exec_prefix}/sbin'
sharedstatedir='${prefix}/com'
sysconfdir='${prefix}/etc'
target_alias=''

## ----------- ##
## confdefs.h. ##
## ----------- ##

/* confdefs.h */
#define PACKAGE_NAME "DG"
#define PACKAGE_TARNAME "dg"
#define PACKAGE_VERSION "0.1"
#define PACKAGE_STRING "DG 0.1"
#define PACKAGE_BUGREPORT "sdi1@anl.gov"
#define PACKAGE_URL ""
#define PACKAGE "dg"
#define VERSION "0.1"
#define STDC_HEADERS 1
#define HAVE_SYS_TYPES_H 1
#define HAVE_SYS_STAT_H 1
#define HAVE_STDLIB_H 1
#define HAVE_STRING_H 1
#define HAVE_MEMORY_H 1
#define HAVE_STRINGS_H 1
#define HAVE_INTTYPES_H 1
#define HAVE_STDINT_H 1
#define HAVE_UNISTD_H 1
#define HAVE_DLFCN_H 1
#define LT_OBJDIR ".libs/"
#define HAVE_FCNTL_H 1
#define HAVE_LIMITS_H 1
#define HAVE_MALLOC_H 1
#define HAVE_STDDEF_H 1
#define HAVE_STDLIB_H 1
#define HAVE_STRING_H 1
#define HAVE_SYS_TIME_H 1
#define HAVE_UNISTD_H 1
#define HAVE_PTRDIFF_T 1
#define HAVE_STDLIB_H 1
#define HAVE_MALLOC 1
#define HAVE_STDLIB_H 1
#define HAVE_REALLOC 1
#define HAVE_MEMCHR 1
#define HAVE_MEMSET 1
#define HAVE_STRCHR 1
#define HAVE_STRTOL 1

configure: exit 0
