This file contains any messages produced by compilers while
running configure, to aid debugging if configure makes a mistake.

It was created by BG configure 2.1, which was
generated by GNU Autoconf 2.69.  Invocation command line was

  $ ./configure 

## --------- ##
## Platform. ##
## --------- ##

hostname = 7be20bc9d22d
uname -m = aarch64
uname -r = 5.10.104-linuxkit
uname -s = Linux
uname -v = #1 SMP PREEMPT Thu Mar 17 17:05:54 UTC 2022

/usr/bin/uname -p = aarch64
/bin/uname -X     = unknown

/bin/arch              = aarch64
/usr/bin/arch -k       = unknown
/usr/convex/getsysinfo = unknown
/usr/bin/hostinfo      = unknown
/bin/machine           = unknown
/usr/bin/oslevel       = unknown
/bin/universe          = unknown

PATH: /usr/local/sbin
PATH: /usr/local/bin
PATH: /usr/sbin
PATH: /usr/bin
PATH: /sbin
PATH: /bin
PATH: /usr/games
PATH: /usr/local/games
PATH: /snap/bin
PATH: /opt/simgrid3.26/bin
PATH: /home/smallcat/.nix-profile/bin


## ----------- ##
## Core tests. ##
## ----------- ##

configure:2405: checking for a BSD-compatible install
configure:2473: result: /usr/bin/install -c
configure:2484: checking whether build environment is sane
configure:2539: result: yes
configure:2688: checking for a thread-safe mkdir -p
configure:2727: result: /usr/bin/mkdir -p
configure:2734: checking for gawk
configure:2750: found /usr/bin/gawk
configure:2761: result: gawk
configure:2772: checking whether make sets $(MAKE)
configure:2794: result: yes
configure:2823: checking whether make supports nested variables
configure:2840: result: yes
configure:3020: checking for gcc
configure:3036: found /usr/bin/gcc
configure:3047: result: gcc
configure:3276: checking for C compiler version
configure:3285: gcc --version >&5
gcc (Ubuntu 9.3.0-17ubuntu1~20.04) 9.3.0
Copyright (C) 2019 Free Software Foundation, Inc.
This is free software; see the source for copying conditions.  There is NO
warranty; not even for MERCHANTABILITY or FITNESS FOR A PARTICULAR PURPOSE.

configure:3296: $? = 0
configure:3285: gcc -v >&5
Using built-in specs.
COLLECT_GCC=gcc
COLLECT_LTO_WRAPPER=/usr/lib/gcc/aarch64-linux-gnu/9/lto-wrapper
Target: aarch64-linux-gnu
Configured with: ../src/configure -v --with-pkgversion='Ubuntu 9.3.0-17ubuntu1~20.04' --with-bugurl=file:///usr/share/doc/gcc-9/README.Bugs --enable-languages=c,ada,c++,go,d,fortran,objc,obj-c++,gm2 --prefix=/usr --with-gcc-major-version-only --program-suffix=-9 --program-prefix=aarch64-linux-gnu- --enable-shared --enable-linker-build-id --libexecdir=/usr/lib --without-included-gettext --enable-threads=posix --libdir=/usr/lib --enable-nls --enable-clocale=gnu --enable-libstdcxx-debug --enable-libstdcxx-time=yes --with-default-libstdcxx-abi=new --enable-gnu-unique-object --disable-libquadmath --disable-libquadmath-support --enable-plugin --enable-default-pie --with-system-zlib --with-target-system-zlib=auto --enable-objc-gc=auto --enable-multiarch --enable-fix-cortex-a53-843419 --disable-werror --enable-checking=release --build=aarch64-linux-gnu --host=aarch64-linux-gnu --target=aarch64-linux-gnu
Thread model: posix
gcc version 9.3.0 (Ubuntu 9.3.0-17ubuntu1~20.04) 
configure:3296: $? = 0
configure:3285: gcc -V >&5
gcc: error: unrecognized command line option '-V'
gcc: fatal error: no input files
compilation terminated.
configure:3296: $? = 1
configure:3285: gcc -qversion >&5
gcc: error: unrecognized command line option '-qversion'; did you mean '--version'?
gcc: fatal error: no input files
compilation terminated.
configure:3296: $? = 1
configure:3316: checking whether the C compiler works
configure:3338: gcc -O3 -std=c99 -Wall   conftest.c  >&5
configure:3342: $? = 0
configure:3390: result: yes
configure:3393: checking for C compiler default output file name
configure:3395: result: a.out
configure:3401: checking for suffix of executables
configure:3408: gcc -o conftest -O3 -std=c99 -Wall   conftest.c  >&5
configure:3412: $? = 0
configure:3434: result: 
configure:3456: checking whether we are cross compiling
configure:3464: gcc -o conftest -O3 -std=c99 -Wall   conftest.c  >&5
configure:3468: $? = 0
configure:3475: ./conftest
configure:3479: $? = 0
configure:3467: result: no
configure:3472: checking for suffix of object files
configure:3494: gcc -c -O3 -std=c99 -Wall  conftest.c >&5
configure:3498: $? = 0
configure:3519: result: o
configure:3523: checking whether we are using the GNU C compiler
configure:3542: gcc -c -O3 -std=c99 -Wall  conftest.c >&5
configure:3542: $? = 0
configure:3551: result: yes
configure:3560: checking whether gcc accepts -g
configure:3580: gcc -c -g  conftest.c >&5
configure:3580: $? = 0
configure:3621: result: yes
configure:3638: checking for gcc option to accept ISO C89
configure:3701: gcc  -c -O3 -std=c99 -Wall  conftest.c >&5
configure:3701: $? = 0
configure:3714: result: none needed
configure:3739: checking whether gcc understands -c and -o together
configure:3761: gcc -c conftest.c -o conftest2.o
configure:3764: $? = 0
configure:3761: gcc -c conftest.c -o conftest2.o
configure:3764: $? = 0
configure:3776: result: yes
configure:3796: checking whether make supports the include directive
configure:3811: make -f confmf.GNU && cat confinc.out
this is the am__doit target
configure:3814: $? = 0
configure:3833: result: yes (GNU style)
configure:3858: checking dependency style of gcc
configure:3969: result: gcc3
configure:4037: checking for gfortran
configure:4053: found /usr/bin/gfortran
configure:4064: result: gfortran
configure:4090: checking for Fortran compiler version
configure:4099: gfortran --version >&5
GNU Fortran (Ubuntu 9.3.0-17ubuntu1~20.04) 9.3.0
Copyright (C) 2019 Free Software Foundation, Inc.
This is free software; see the source for copying conditions.  There is NO
warranty; not even for MERCHANTABILITY or FITNESS FOR A PARTICULAR PURPOSE.

configure:4110: $? = 0
configure:4099: gfortran -v >&5
Using built-in specs.
COLLECT_GCC=gfortran
COLLECT_LTO_WRAPPER=/usr/lib/gcc/aarch64-linux-gnu/9/lto-wrapper
Target: aarch64-linux-gnu
Configured with: ../src/configure -v --with-pkgversion='Ubuntu 9.3.0-17ubuntu1~20.04' --with-bugurl=file:///usr/share/doc/gcc-9/README.Bugs --enable-languages=c,ada,c++,go,d,fortran,objc,obj-c++,gm2 --prefix=/usr --with-gcc-major-version-only --program-suffix=-9 --program-prefix=aarch64-linux-gnu- --enable-shared --enable-linker-build-id --libexecdir=/usr/lib --without-included-gettext --enable-threads=posix --libdir=/usr/lib --enable-nls --enable-clocale=gnu --enable-libstdcxx-debug --enable-libstdcxx-time=yes --with-default-libstdcxx-abi=new --enable-gnu-unique-object --disable-libquadmath --disable-libquadmath-support --enable-plugin --enable-default-pie --with-system-zlib --with-target-system-zlib=auto --enable-objc-gc=auto --enable-multiarch --enable-fix-cortex-a53-843419 --disable-werror --enable-checking=release --build=aarch64-linux-gnu --host=aarch64-linux-gnu --target=aarch64-linux-gnu
Thread model: posix
gcc version 9.3.0 (Ubuntu 9.3.0-17ubuntu1~20.04) 
configure:4110: $? = 0
configure:4099: gfortran -V >&5
gfortran: error: unrecognized command line option '-V'
gfortran: fatal error: no input files
compilation terminated.
configure:4110: $? = 1
configure:4099: gfortran -qversion >&5
gfortran: error: unrecognized command line option '-qversion'; did you mean '--version'?
gfortran: fatal error: no input files
compilation terminated.
configure:4110: $? = 1
configure:4119: checking whether we are using the GNU Fortran compiler
configure:4132: gfortran -c   conftest.F >&5
configure:4132: $? = 0
configure:4141: result: yes
configure:4147: checking whether gfortran accepts -g
configure:4158: gfortran -c -g  conftest.f >&5
configure:4158: $? = 0
configure:4166: result: yes
configure:4238: checking for ranlib
configure:4254: found /usr/bin/ranlib
configure:4265: result: ranlib
configure:4337: checking for ar
configure:4353: found /usr/bin/ar
configure:4364: result: ar
configure:4390: checking the archiver (ar) interface
configure:4406: gcc -c -O3 -std=c99 -Wall  conftest.c >&5
configure:4406: $? = 0
configure:4408: ar cru libconftest.a conftest.o >&5
ar: `u' modifier ignored since `D' is the default (see `U')
configure:4411: $? = 0
configure:4410: result: ar
configure:4459: checking build system type
configure:4473: result: aarch64-unknown-linux-gnu
configure:4493: checking host system type
configure:4506: result: aarch64-unknown-linux-gnu
configure:4547: checking how to print strings
configure:4574: result: printf
configure:4595: checking for a sed that does not truncate output
configure:4659: result: /usr/bin/sed
configure:4677: checking for grep that handles long lines and -e
configure:4735: result: /usr/bin/grep
configure:4740: checking for egrep
configure:4802: result: /usr/bin/grep -E
configure:4807: checking for fgrep
configure:4869: result: /usr/bin/grep -F
configure:4904: checking for ld used by gcc
configure:4971: result: /usr/bin/ld
configure:4978: checking if the linker (/usr/bin/ld) is GNU ld
configure:4993: result: yes
configure:5005: checking for BSD- or MS-compatible name lister (nm)
configure:5059: result: /usr/bin/nm -B
configure:5189: checking the name lister (/usr/bin/nm -B) interface
configure:5196: gcc -c -O3 -std=c99 -Wall  conftest.c >&5
configure:5199: /usr/bin/nm -B "conftest.o"
configure:5202: output
0000000000000000 B some_variable
configure:5203: result: BSD nm
configure:5206: checking whether ln -s works
configure:5210: result: yes
configure:5218: checking the maximum length of command line arguments
configure:5349: result: 1572864
configure:5397: checking how to convert aarch64-unknown-linux-gnu file names to aarch64-unknown-linux-gnu format
configure:5437: result: func_convert_file_noop
configure:5444: checking how to convert aarch64-unknown-linux-gnu file names to toolchain format
configure:5464: result: func_convert_file_noop
configure:5471: checking for /usr/bin/ld option to reload object files
configure:5478: result: -r
configure:5552: checking for objdump
configure:5568: found /usr/bin/objdump
configure:5579: result: objdump
configure:5611: checking how to recognize dependent libraries
configure:5811: result: pass_all
configure:5896: checking for dlltool
configure:5926: result: no
configure:5956: checking how to associate runtime and link libraries
configure:5983: result: printf %s\n
configure:6107: checking for archiver @FILE support
configure:6124: gcc -c -O3 -std=c99 -Wall  conftest.c >&5
configure:6124: $? = 0
configure:6127: ar cru libconftest.a @conftest.lst >&5
ar: `u' modifier ignored since `D' is the default (see `U')
configure:6130: $? = 0
configure:6135: ar cru libconftest.a @conftest.lst >&5
ar: `u' modifier ignored since `D' is the default (see `U')
ar: conftest.o: No such file or directory
configure:6138: $? = 1
configure:6137: result: @
configure:6195: checking for strip
configure:6211: found /usr/bin/strip
configure:6222: result: strip
configure:6294: checking for ranlib
configure:6321: result: ranlib
configure:6423: checking command to parse /usr/bin/nm -B output from gcc object
configure:6576: gcc -c -O3 -std=c99 -Wall  conftest.c >&5
configure:6579: $? = 0
configure:6583: /usr/bin/nm -B conftest.o \| sed -n -e 's/^.*[ ]\([ABCDGIRSTW][ABCDGIRSTW]*\)[ ][ ]*\([_A-Za-z][_A-Za-z0-9]*\)$/\1 \2 \2/p' | sed '/ __gnu_lto/d' \> conftest.nm
configure:6586: $? = 0
configure:6652: gcc -o conftest -O3 -std=c99 -Wall   conftest.c conftstm.o >&5
configure:6655: $? = 0
configure:6693: result: ok
configure:6740: checking for sysroot
configure:6770: result: no
configure:6777: checking for a working dd
configure:6815: result: /usr/bin/dd
configure:6819: checking how to truncate binary pipes
configure:6834: result: /usr/bin/dd bs=4096 count=1
configure:7163: checking for mt
configure:7193: result: no
configure:7213: checking if : is a manifest tool
configure:7219: : '-?'
configure:7227: result: no
configure:7904: checking how to run the C preprocessor
configure:7935: gcc -E  conftest.c
configure:7935: $? = 0
configure:7949: gcc -E  conftest.c
conftest.c:11:10: fatal error: ac_nonexistent.h: No such file or directory
   11 | #include <ac_nonexistent.h>
      |          ^~~~~~~~~~~~~~~~~~
compilation terminated.
configure:7949: $? = 1
configure: failed program was:
| /* confdefs.h */
| #define PACKAGE_NAME "BG"
| #define PACKAGE_TARNAME "bg"
| #define PACKAGE_VERSION "2.1"
| #define PACKAGE_STRING "BG 2.1"
| #define PACKAGE_BUGREPORT "sdi1@anl.gov"
| #define PACKAGE_URL ""
| #define PACKAGE "bg"
| #define VERSION "2.1"
| /* end confdefs.h.  */
| #include <ac_nonexistent.h>
configure:7974: result: gcc -E
configure:7994: gcc -E  conftest.c
configure:7994: $? = 0
configure:8008: gcc -E  conftest.c
conftest.c:11:10: fatal error: ac_nonexistent.h: No such file or directory
   11 | #include <ac_nonexistent.h>
      |          ^~~~~~~~~~~~~~~~~~
compilation terminated.
configure:8008: $? = 1
configure: failed program was:
| /* confdefs.h */
| #define PACKAGE_NAME "BG"
| #define PACKAGE_TARNAME "bg"
| #define PACKAGE_VERSION "2.1"
| #define PACKAGE_STRING "BG 2.1"
| #define PACKAGE_BUGREPORT "sdi1@anl.gov"
| #define PACKAGE_URL ""
| #define PACKAGE "bg"
| #define VERSION "2.1"
| /* end confdefs.h.  */
| #include <ac_nonexistent.h>
configure:8037: checking for ANSI C header files
configure:8057: gcc -c -O3 -std=c99 -Wall  conftest.c >&5
configure:8057: $? = 0
configure:8130: gcc -o conftest -O3 -std=c99 -Wall   conftest.c  >&5
configure:8130: $? = 0
configure:8130: ./conftest
configure:8130: $? = 0
configure:8141: result: yes
configure:8154: checking for sys/types.h
configure:8154: gcc -c -O3 -std=c99 -Wall  conftest.c >&5
configure:8154: $? = 0
configure:8154: result: yes
configure:8154: checking for sys/stat.h
configure:8154: gcc -c -O3 -std=c99 -Wall  conftest.c >&5
configure:8154: $? = 0
configure:8154: result: yes
configure:8154: checking for stdlib.h
configure:8154: gcc -c -O3 -std=c99 -Wall  conftest.c >&5
configure:8154: $? = 0
configure:8154: result: yes
configure:8154: checking for string.h
configure:8154: gcc -c -O3 -std=c99 -Wall  conftest.c >&5
configure:8154: $? = 0
configure:8154: result: yes
configure:8154: checking for memory.h
configure:8154: gcc -c -O3 -std=c99 -Wall  conftest.c >&5
configure:8154: $? = 0
configure:8154: result: yes
configure:8154: checking for strings.h
configure:8154: gcc -c -O3 -std=c99 -Wall  conftest.c >&5
configure:8154: $? = 0
configure:8154: result: yes
configure:8154: checking for inttypes.h
configure:8154: gcc -c -O3 -std=c99 -Wall  conftest.c >&5
configure:8154: $? = 0
configure:8154: result: yes
configure:8154: checking for stdint.h
configure:8154: gcc -c -O3 -std=c99 -Wall  conftest.c >&5
configure:8154: $? = 0
configure:8154: result: yes
configure:8154: checking for unistd.h
configure:8154: gcc -c -O3 -std=c99 -Wall  conftest.c >&5
configure:8154: $? = 0
configure:8154: result: yes
configure:8168: checking for dlfcn.h
configure:8168: gcc -c -O3 -std=c99 -Wall  conftest.c >&5
configure:8168: $? = 0
configure:8168: result: yes
configure:8435: checking for objdir
configure:8450: result: .libs
configure:8710: checking if gcc supports -fno-rtti -fno-exceptions
configure:8728: gcc -c -O3 -std=c99 -Wall  -fno-rtti -fno-exceptions conftest.c >&5
cc1: warning: command line option '-fno-rtti' is valid for C++/D/ObjC++ but not for C
configure:8732: $? = 0
configure:8745: result: no
configure:9103: checking for gcc option to produce PIC
configure:9110: result: -fPIC -DPIC
configure:9118: checking if gcc PIC flag -fPIC -DPIC works
configure:9136: gcc -c -O3 -std=c99 -Wall  -fPIC -DPIC -DPIC conftest.c >&5
configure:9140: $? = 0
configure:9153: result: yes
configure:9182: checking if gcc static flag -static works
configure:9210: result: yes
configure:9225: checking if gcc supports -c -o file.o
configure:9246: gcc -c -O3 -std=c99 -Wall  -o out/conftest2.o conftest.c >&5
configure:9250: $? = 0
configure:9272: result: yes
configure:9280: checking if gcc supports -c -o file.o
configure:9327: result: yes
configure:9360: checking whether the gcc linker (/usr/bin/ld) supports shared libraries
configure:10619: result: yes
configure:10656: checking whether -lc should be explicitly linked in
configure:10664: gcc -c -O3 -std=c99 -Wall  conftest.c >&5
configure:10667: $? = 0
configure:10682: gcc -shared  -fPIC -DPIC conftest.o  -v -Wl,-soname -Wl,conftest -o conftest 2\>\&1 \| /usr/bin/grep  -lc  \>/dev/null 2\>\&1
configure:10685: $? = 0
configure:10699: result: no
configure:10859: checking dynamic linker characteristics
configure:11440: gcc -o conftest -O3 -std=c99 -Wall   -Wl,-rpath -Wl,/foo conftest.c  >&5
configure:11440: $? = 0
configure:11680: result: GNU/Linux ld.so
configure:11802: checking how to hardcode library paths into programs
configure:11827: result: immediate
configure:12375: checking whether stripping libraries is possible
configure:12380: result: yes
configure:12415: checking if libtool supports shared libraries
configure:12417: result: yes
configure:12420: checking whether to build shared libraries
configure:12445: result: yes
configure:12448: checking whether to build static libraries
configure:12452: result: yes
configure:9363: checking if libtool supports shared libraries
configure:9365: result: yes
configure:9368: checking whether to build shared libraries
configure:9392: result: yes
configure:9395: checking whether to build static libraries
configure:9399: result: yes
configure:9433: gfortran -c -g -O2  conftest.f >&5
configure:9436: $? = 0
configure:9914: checking for gfortran option to produce PIC
configure:9921: result: -fPIC
configure:9929: checking if gfortran PIC flag -fPIC works
configure:9947: gfortran -c -g -O2 -fPIC  conftest.f >&5
configure:9951: $? = 0
configure:9964: result: yes
configure:9987: checking if gfortran static flag -static works
configure:10015: result: yes
configure:10027: checking if gfortran supports -c -o file.o
configure:10048: gfortran -c -g -O2 -o out/conftest2.o  conftest.f >&5
configure:10052: $? = 0
configure:10074: result: yes
configure:10079: checking if gfortran supports -c -o file.o
configure:10126: result: yes
configure:10156: checking whether the gfortran linker (/usr/bin/ld) supports shared libraries
configure:11365: result: yes
configure:11506: checking dynamic linker characteristics
configure:12248: result: GNU/Linux ld.so
configure:12313: checking how to hardcode library paths into programs
configure:12338: result: immediate
configure:10078: checking whether to enable maintainer-specific portions of Makefiles
configure:10087: result: no
configure:10105: checking fcntl.h usability
configure:10105: gcc -c -O3 -std=c99 -Wall  conftest.c >&5
configure:10105: $? = 0
configure:10105: result: yes
configure:10105: checking fcntl.h presence
configure:10105: gcc -E  conftest.c
configure:10105: $? = 0
configure:10105: result: yes
configure:10105: checking for fcntl.h
configure:10105: result: yes
configure:10105: checking limits.h usability
configure:10105: gcc -c -O3 -std=c99 -Wall  conftest.c >&5
configure:10105: $? = 0
configure:10105: result: yes
configure:10105: checking limits.h presence
configure:10105: gcc -E  conftest.c
configure:10105: $? = 0
configure:10105: result: yes
configure:10105: checking for limits.h
configure:10105: result: yes
configure:10105: checking malloc.h usability
configure:10105: gcc -c -O3 -std=c99 -Wall  conftest.c >&5
configure:10105: $? = 0
configure:10105: result: yes
configure:10105: checking malloc.h presence
configure:10105: gcc -E  conftest.c
configure:10105: $? = 0
configure:10105: result: yes
configure:10105: checking for malloc.h
configure:10105: result: yes
configure:10105: checking stddef.h usability
configure:10105: gcc -c -O3 -std=c99 -Wall  conftest.c >&5
configure:10105: $? = 0
configure:10105: result: yes
configure:10105: checking stddef.h presence
configure:10105: gcc -E  conftest.c
configure:10105: $? = 0
configure:10105: result: yes
configure:10105: checking for stddef.h
configure:10105: result: yes
configure:10105: checking for stdlib.h
configure:10105: result: yes
configure:10105: checking for string.h
configure:10105: result: yes
configure:10105: checking sys/time.h usability
configure:10105: gcc -c -O3 -std=c99 -Wall  conftest.c >&5
configure:10105: $? = 0
configure:10105: result: yes
configure:10105: checking sys/time.h presence
configure:10105: gcc -E  conftest.c
configure:10105: $? = 0
configure:10105: result: yes
configure:10105: checking for sys/time.h
configure:10105: result: yes
configure:10105: checking for unistd.h
configure:10105: result: yes
configure:10118: checking for size_t
configure:10118: gcc -c -O3 -std=c99 -Wall  conftest.c >&5
configure:10118: $? = 0
configure:10118: gcc -c -O3 -std=c99 -Wall  conftest.c >&5
conftest.c: In function 'main':
conftest.c:67:21: error: expected expression before ')' token
   67 | if (sizeof ((size_t)))
      |                     ^
configure:10118: $? = 1
configure: failed program was:
| /* confdefs.h */
| #define PACKAGE_NAME "BG"
| #define PACKAGE_TARNAME "bg"
| #define PACKAGE_VERSION "2.1"
| #define PACKAGE_STRING "BG 2.1"
| #define PACKAGE_BUGREPORT "sdi1@anl.gov"
| #define PACKAGE_URL ""
| #define PACKAGE "bg"
| #define VERSION "2.1"
| #define STDC_HEADERS 1
| #define HAVE_SYS_TYPES_H 1
| #define HAVE_SYS_STAT_H 1
| #define HAVE_STDLIB_H 1
| #define HAVE_STRING_H 1
| #define HAVE_MEMORY_H 1
| #define HAVE_STRINGS_H 1
| #define HAVE_INTTYPES_H 1
| #define HAVE_STDINT_H 1
| #define HAVE_UNISTD_H 1
| #define HAVE_DLFCN_H 1
| #define LT_OBJDIR ".libs/"
| #define HAVE_FCNTL_H 1
| #define HAVE_LIMITS_H 1
| #define HAVE_MALLOC_H 1
| #define HAVE_STDDEF_H 1
| #define HAVE_STDLIB_H 1
| #define HAVE_STRING_H 1
| #define HAVE_SYS_TIME_H 1
| #define HAVE_UNISTD_H 1
| /* end confdefs.h.  */
| #include <stdio.h>
| #ifdef HAVE_SYS_TYPES_H
| # include <sys/types.h>
| #endif
| #ifdef HAVE_SYS_STAT_H
| # include <sys/stat.h>
| #endif
| #ifdef STDC_HEADERS
| # include <stdlib.h>
| # include <stddef.h>
| #else
| # ifdef HAVE_STDLIB_H
| #  include <stdlib.h>
| # endif
| #endif
| #ifdef HAVE_STRING_H
| # if !defined STDC_HEADERS && defined HAVE_MEMORY_H
| #  include <memory.h>
| # endif
| # include <string.h>
| #endif
| #ifdef HAVE_STRINGS_H
| # include <strings.h>
| #endif
| #ifdef HAVE_INTTYPES_H
| # include <inttypes.h>
| #endif
| #ifdef HAVE_STDINT_H
| # include <stdint.h>
| #endif
| #ifdef HAVE_UNISTD_H
| # include <unistd.h>
| #endif
| int
| main ()
| {
| if (sizeof ((size_t)))
| 	    return 0;
|   ;
|   return 0;
| }
configure:10118: result: yes
configure:10129: checking for ptrdiff_t
configure:10129: gcc -c -O3 -std=c99 -Wall  conftest.c >&5
configure:10129: $? = 0
configure:10129: gcc -c -O3 -std=c99 -Wall  conftest.c >&5
conftest.c: In function 'main':
conftest.c:67:24: error: expected expression before ')' token
   67 | if (sizeof ((ptrdiff_t)))
      |                        ^
configure:10129: $? = 1
configure: failed program was:
| /* confdefs.h */
| #define PACKAGE_NAME "BG"
| #define PACKAGE_TARNAME "bg"
| #define PACKAGE_VERSION "2.1"
| #define PACKAGE_STRING "BG 2.1"
| #define PACKAGE_BUGREPORT "sdi1@anl.gov"
| #define PACKAGE_URL ""
| #define PACKAGE "bg"
| #define VERSION "2.1"
| #define STDC_HEADERS 1
| #define HAVE_SYS_TYPES_H 1
| #define HAVE_SYS_STAT_H 1
| #define HAVE_STDLIB_H 1
| #define HAVE_STRING_H 1
| #define HAVE_MEMORY_H 1
| #define HAVE_STRINGS_H 1
| #define HAVE_INTTYPES_H 1
| #define HAVE_STDINT_H 1
| #define HAVE_UNISTD_H 1
| #define HAVE_DLFCN_H 1
| #define LT_OBJDIR ".libs/"
| #define HAVE_FCNTL_H 1
| #define HAVE_LIMITS_H 1
| #define HAVE_MALLOC_H 1
| #define HAVE_STDDEF_H 1
| #define HAVE_STDLIB_H 1
| #define HAVE_STRING_H 1
| #define HAVE_SYS_TIME_H 1
| #define HAVE_UNISTD_H 1
| /* end confdefs.h.  */
| #include <stdio.h>
| #ifdef HAVE_SYS_TYPES_H
| # include <sys/types.h>
| #endif
| #ifdef HAVE_SYS_STAT_H
| # include <sys/stat.h>
| #endif
| #ifdef STDC_HEADERS
| # include <stdlib.h>
| # include <stddef.h>
| #else
| # ifdef HAVE_STDLIB_H
| #  include <stdlib.h>
| # endif
| #endif
| #ifdef HAVE_STRING_H
| # if !defined STDC_HEADERS && defined HAVE_MEMORY_H
| #  include <memory.h>
| # endif
| # include <string.h>
| #endif
| #ifdef HAVE_STRINGS_H
| # include <strings.h>
| #endif
| #ifdef HAVE_INTTYPES_H
| # include <inttypes.h>
| #endif
| #ifdef HAVE_STDINT_H
| # include <stdint.h>
| #endif
| #ifdef HAVE_UNISTD_H
| # include <unistd.h>
| #endif
| int
| main ()
| {
| if (sizeof ((ptrdiff_t)))
| 	    return 0;
|   ;
|   return 0;
| }
configure:10129: result: yes
configure:10143: checking for stdlib.h
configure:10143: result: yes
configure:10153: checking for GNU libc compatible malloc
configure:10177: gcc -o conftest -O3 -std=c99 -Wall   conftest.c  >&5
configure:10177: $? = 0
configure:10177: ./conftest
configure:10177: $? = 0
configure:10187: result: yes
configure:10210: checking for stdlib.h
configure:10210: result: yes
configure:10220: checking for GNU libc compatible realloc
configure:10244: gcc -o conftest -O3 -std=c99 -Wall   conftest.c  >&5
configure:10244: $? = 0
configure:10244: ./conftest
configure:10244: $? = 0
configure:10254: result: yes
configure:10278: checking for memchr
configure:10278: gcc -o conftest -O3 -std=c99 -Wall   conftest.c  >&5
conftest.c:59:6: warning: conflicting types for built-in function 'memchr'; expected 'void *(const void *, int,  long unsigned int)' [-Wbuiltin-declaration-mismatch]
   59 | char memchr ();
      |      ^~~~~~
conftest.c:47:1: note: 'memchr' is declared in header '<string.h>'
   46 | # include <limits.h>
   47 | #else
configure:10278: $? = 0
configure:10278: result: yes
configure:10278: checking for memset
configure:10278: gcc -o conftest -O3 -std=c99 -Wall   conftest.c  >&5
conftest.c:60:6: warning: conflicting types for built-in function 'memset'; expected 'void *(void *, int,  long unsigned int)' [-Wbuiltin-declaration-mismatch]
   60 | char memset ();
      |      ^~~~~~
conftest.c:48:1: note: 'memset' is declared in header '<string.h>'
   47 | # include <limits.h>
   48 | #else
configure:10278: $? = 0
configure:10278: result: yes
configure:10278: checking for strchr
configure:10278: gcc -o conftest -O3 -std=c99 -Wall   conftest.c  >&5
conftest.c:61:6: warning: conflicting types for built-in function 'strchr'; expected 'char *(const char *, int)' [-Wbuiltin-declaration-mismatch]
   61 | char strchr ();
      |      ^~~~~~
conftest.c:49:1: note: 'strchr' is declared in header '<string.h>'
   48 | # include <limits.h>
   49 | #else
configure:10278: $? = 0
configure:10278: result: yes
configure:10278: checking for strtol
configure:10278: gcc -o conftest -O3 -std=c99 -Wall   conftest.c  >&5
configure:10278: $? = 0
configure:10278: result: yes
configure:10391: checking that generated files are newer than configure
configure:10397: result: done
configure:10424: creating ./config.status

## ---------------------- ##
## Running config.status. ##
## ---------------------- ##

This file was extended by BG config.status 2.1, which was
generated by GNU Autoconf 2.69.  Invocation command line was

  CONFIG_FILES    = 
  CONFIG_HEADERS  = 
  CONFIG_LINKS    = 
  CONFIG_COMMANDS = 
  $ ./config.status 

on 7be20bc9d22d

config.status:1164: creating Makefile
config.status:1164: creating bg/Makefile
config.status:1164: creating zlib/Makefile
config.status:1164: creating examples/Makefile
config.status:1164: creating config.h
config.status:1345: config.h is unchanged
config.status:1393: executing depfiles commands
config.status:1470: cd bg       && sed -e '/# am--include-marker/d' Makefile         | make -f - am--depfiles
config.status:1475: $? = 0
config.status:1470: cd zlib       && sed -e '/# am--include-marker/d' Makefile         | make -f - am--depfiles
config.status:1475: $? = 0
config.status:1470: cd examples       && sed -e '/# am--include-marker/d' Makefile         | make -f - am--depfiles
config.status:1475: $? = 0
config.status:1393: executing libtool commands

## ---------------- ##
## Cache variables. ##
## ---------------- ##

ac_cv_build=aarch64-unknown-linux-gnu
ac_cv_c_compiler_gnu=yes
ac_cv_env_CC_set=
ac_cv_env_CC_value=
ac_cv_env_CFLAGS_set=
ac_cv_env_CFLAGS_value=
ac_cv_env_CPPFLAGS_set=
ac_cv_env_CPPFLAGS_value=
ac_cv_env_CPP_set=
ac_cv_env_CPP_value=
ac_cv_env_FCFLAGS_set=
ac_cv_env_FCFLAGS_value=
ac_cv_env_FC_set=
ac_cv_env_FC_value=
ac_cv_env_LDFLAGS_set=
ac_cv_env_LDFLAGS_value=
ac_cv_env_LIBS_set=
ac_cv_env_LIBS_value=
ac_cv_env_LT_SYS_LIBRARY_PATH_set=
ac_cv_env_LT_SYS_LIBRARY_PATH_value=
ac_cv_env_build_alias_set=
ac_cv_env_build_alias_value=
ac_cv_env_host_alias_set=
ac_cv_env_host_alias_value=
ac_cv_env_target_alias_set=
ac_cv_env_target_alias_value=
ac_cv_fc_compiler_gnu=yes
ac_cv_func_malloc_0_nonnull=yes
ac_cv_func_memchr=yes
ac_cv_func_memset=yes
ac_cv_func_realloc_0_nonnull=yes
ac_cv_func_strchr=yes
ac_cv_func_strtol=yes
ac_cv_header_dlfcn_h=yes
ac_cv_header_fcntl_h=yes
ac_cv_header_inttypes_h=yes
ac_cv_header_limits_h=yes
ac_cv_header_malloc_h=yes
ac_cv_header_memory_h=yes
ac_cv_header_stdc=yes
ac_cv_header_stddef_h=yes
ac_cv_header_stdint_h=yes
ac_cv_header_stdlib_h=yes
ac_cv_header_string_h=yes
ac_cv_header_strings_h=yes
ac_cv_header_sys_stat_h=yes
ac_cv_header_sys_time_h=yes
ac_cv_header_sys_types_h=yes
ac_cv_header_unistd_h=yes
ac_cv_host=aarch64-unknown-linux-gnu
ac_cv_objext=o
ac_cv_path_EGREP='/usr/bin/grep -E'
ac_cv_path_FGREP='/usr/bin/grep -F'
ac_cv_path_GREP=/usr/bin/grep
ac_cv_path_SED=/usr/bin/sed
ac_cv_path_install='/usr/bin/install -c'
ac_cv_path_lt_DD=/usr/bin/dd
ac_cv_path_mkdir=/usr/bin/mkdir
ac_cv_prog_AWK=gawk
ac_cv_prog_CPP='gcc -E'
ac_cv_prog_ac_ct_AR=ar
ac_cv_prog_ac_ct_CC=gcc
ac_cv_prog_ac_ct_FC=gfortran
ac_cv_prog_ac_ct_OBJDUMP=objdump
ac_cv_prog_ac_ct_RANLIB=ranlib
ac_cv_prog_ac_ct_STRIP=strip
ac_cv_prog_cc_c89=
ac_cv_prog_cc_g=yes
ac_cv_prog_fc_g=yes
ac_cv_prog_make_make_set=yes
ac_cv_type_ptrdiff_t=yes
ac_cv_type_size_t=yes
am_cv_CC_dependencies_compiler_type=gcc3
am_cv_ar_interface=ar
am_cv_make_support_nested_variables=yes
am_cv_prog_cc_c_o=yes
lt_cv_ar_at_file=@
lt_cv_archive_cmds_need_lc=no
lt_cv_deplibs_check_method=pass_all
lt_cv_file_magic_cmd='$MAGIC_CMD'
lt_cv_file_magic_test_file=
lt_cv_ld_reload_flag=-r
lt_cv_nm_interface='BSD nm'
lt_cv_objdir=.libs
lt_cv_path_LD=/usr/bin/ld
lt_cv_path_NM='/usr/bin/nm -B'
lt_cv_path_mainfest_tool=no
lt_cv_prog_compiler_c_o=yes
lt_cv_prog_compiler_c_o_FC=yes
lt_cv_prog_compiler_pic='-fPIC -DPIC'
lt_cv_prog_compiler_pic_FC=-fPIC
lt_cv_prog_compiler_pic_works=yes
lt_cv_prog_compiler_pic_works_FC=yes
lt_cv_prog_compiler_rtti_exceptions=no
lt_cv_prog_compiler_static_works=yes
lt_cv_prog_compiler_static_works_FC=yes
lt_cv_prog_gnu_ld=yes
lt_cv_sharedlib_from_linklib_cmd='printf %s\n'
lt_cv_shlibpath_overrides_runpath=yes
lt_cv_sys_global_symbol_pipe='sed -n -e '\''s/^.*[	 ]\([ABCDGIRSTW][ABCDGIRSTW]*\)[	 ][	 ]*\([_A-Za-z][_A-Za-z0-9]*\)$/\1 \2 \2/p'\'' | sed '\''/ __gnu_lto/d'\'''
lt_cv_sys_global_symbol_to_c_name_address='sed -n -e '\''s/^: \(.*\) .*$/  {"\1", (void *) 0},/p'\'' -e '\''s/^[ABCDGIRSTW][ABCDGIRSTW]* .* \(.*\)$/  {"\1", (void *) \&\1},/p'\'''
lt_cv_sys_global_symbol_to_c_name_address_lib_prefix='sed -n -e '\''s/^: \(.*\) .*$/  {"\1", (void *) 0},/p'\'' -e '\''s/^[ABCDGIRSTW][ABCDGIRSTW]* .* \(lib.*\)$/  {"\1", (void *) \&\1},/p'\'' -e '\''s/^[ABCDGIRSTW][ABCDGIRSTW]* .* \(.*\)$/  {"lib\1", (void *) \&\1},/p'\'''
lt_cv_sys_global_symbol_to_cdecl='sed -n -e '\''s/^T .* \(.*\)$/extern int \1();/p'\'' -e '\''s/^[ABCDGIRSTW][ABCDGIRSTW]* .* \(.*\)$/extern char \1;/p'\'''
lt_cv_sys_global_symbol_to_import=
lt_cv_sys_max_cmd_len=1572864
lt_cv_to_host_file_cmd=func_convert_file_noop
lt_cv_to_tool_file_cmd=func_convert_file_noop
lt_cv_truncate_bin='/usr/bin/dd bs=4096 count=1'

## ----------------- ##
## Output variables. ##
## ----------------- ##

ACLOCAL='${SHELL} /github/data-compression/BitGroomingZ-master/missing aclocal-1.16'
AMDEPBACKSLASH='\'
AMDEP_FALSE='#'
AMDEP_TRUE=''
AMTAR='$${TAR-tar}'
AM_BACKSLASH='\'
AM_DEFAULT_V='$(AM_DEFAULT_VERBOSITY)'
AM_DEFAULT_VERBOSITY='1'
AM_V='$(V)'
AR='ar'
AUTOCONF='${SHELL} /github/data-compression/BitGroomingZ-master/missing autoconf'
AUTOHEADER='${SHELL} /github/data-compression/BitGroomingZ-master/missing autoheader'
AUTOMAKE='${SHELL} /github/data-compression/BitGroomingZ-master/missing automake-1.16'
AWK='gawk'
CC='gcc'
CCDEPMODE='depmode=gcc3'
CFLAGS='-O3 -std=c99 -Wall'
CPP='gcc -E'
CPPFLAGS=''
CYGPATH_W='echo'
DEFS='-DHAVE_CONFIG_H'
DEPDIR='.deps'
DLLTOOL='false'
DSYMUTIL=''
DUMPBIN=''
ECHO_C=''
ECHO_N='-n'
ECHO_T=''
EGREP='/usr/bin/grep -E'
EXEEXT=''
FC='gfortran'
FCFLAGS='-g -O2'
FGREP='/usr/bin/grep -F'
GREP='/usr/bin/grep'
INSTALL_DATA='${INSTALL} -m 644'
INSTALL_PROGRAM='${INSTALL}'
INSTALL_SCRIPT='${INSTALL}'
INSTALL_STRIP_PROGRAM='$(install_sh) -c -s'
LD='/usr/bin/ld'
LDFLAGS=''
LIBOBJS=''
LIBS=''
LIBTOOL='$(SHELL) $(top_builddir)/libtool'
LIPO=''
LN_S='ln -s'
LTLIBOBJS=''
LT_SYS_LIBRARY_PATH=''
MAINT='#'
MAINTAINER_MODE_FALSE=''
MAINTAINER_MODE_TRUE='#'
MAKEINFO='${SHELL} /github/data-compression/BitGroomingZ-master/missing makeinfo'
MANIFEST_TOOL=':'
MKDIR_P='/usr/bin/mkdir -p'
NM='/usr/bin/nm -B'
NMEDIT=''
OBJDUMP='objdump'
OBJEXT='o'
OTOOL64=''
OTOOL=''
PACKAGE='bg'
PACKAGE_BUGREPORT='sdi1@anl.gov'
PACKAGE_NAME='BG'
PACKAGE_STRING='BG 2.1'
PACKAGE_TARNAME='bg'
PACKAGE_URL=''
PACKAGE_VERSION='2.1'
PATH_SEPARATOR=':'
RANLIB='ranlib'
SED='/usr/bin/sed'
SET_MAKE=''
SHELL='/bin/bash'
STRIP='strip'
VERSION='2.1'
ac_ct_AR='ar'
ac_ct_CC='gcc'
ac_ct_DUMPBIN=''
ac_ct_FC='gfortran'
am__EXEEXT_FALSE=''
am__EXEEXT_TRUE='#'
am__fastdepCC_FALSE='#'
am__fastdepCC_TRUE=''
am__include='include'
am__isrc=''
am__leading_dot='.'
am__nodep='_no'
am__quote=''
am__tar='$${TAR-tar} chof - "$$tardir"'
am__untar='$${TAR-tar} xf -'
bindir='${exec_prefix}/bin'
build='aarch64-unknown-linux-gnu'
build_alias=''
build_cpu='aarch64'
build_os='linux-gnu'
build_vendor='unknown'
datadir='${datarootdir}'
datarootdir='${prefix}/share'
docdir='${datarootdir}/doc/${PACKAGE_TARNAME}'
dvidir='${docdir}'
exec_prefix='${prefix}'
host='aarch64-unknown-linux-gnu'
host_alias=''
host_cpu='aarch64'
host_os='linux-gnu'
host_vendor='unknown'
htmldir='${docdir}'
includedir='${prefix}/include'
infodir='${datarootdir}/info'
install_sh='${SHELL} /github/data-compression/BitGroomingZ-master/install-sh'
libdir='${exec_prefix}/lib'
libexecdir='${exec_prefix}/libexec'
localedir='${datarootdir}/locale'
localstatedir='${prefix}/var'
mandir='${datarootdir}/man'
mkdir_p='$(MKDIR_P)'
oldincludedir='/usr/include'
pdfdir='${docdir}'
prefix='/usr/local'
program_transform_name='s,x,x,'
psdir='${docdir}'
sbindir='${exec_prefix}/sbin'
sharedstatedir='${prefix}/com'
sysconfdir='${prefix}/etc'
target_alias=''

## ----------- ##
## confdefs.h. ##
## ----------- ##

/* confdefs.h */
#define PACKAGE_NAME "BG"
#define PACKAGE_TARNAME "bg"
#define PACKAGE_VERSION "2.1"
#define PACKAGE_STRING "BG 2.1"
#define PACKAGE_BUGREPORT "sdi1@anl.gov"
#define PACKAGE_URL ""
#define PACKAGE "bg"
#define VERSION "2.1"
#define STDC_HEADERS 1
#define HAVE_SYS_TYPES_H 1
#define HAVE_SYS_STAT_H 1
#define HAVE_STDLIB_H 1
#define HAVE_STRING_H 1
#define HAVE_MEMORY_H 1
#define HAVE_STRINGS_H 1
#define HAVE_INTTYPES_H 1
#define HAVE_STDINT_H 1
#define HAVE_UNISTD_H 1
#define HAVE_DLFCN_H 1
#define LT_OBJDIR ".libs/"
#define HAVE_FCNTL_H 1
#define HAVE_LIMITS_H 1
#define HAVE_MALLOC_H 1
#define HAVE_STDDEF_H 1
#define HAVE_STDLIB_H 1
#define HAVE_STRING_H 1
#define HAVE_SYS_TIME_H 1
#define HAVE_UNISTD_H 1
#define HAVE_PTRDIFF_T 1
#define HAVE_STDLIB_H 1
#define HAVE_MALLOC 1
#define HAVE_STDLIB_H 1
#define HAVE_REALLOC 1
#define HAVE_MEMCHR 1
#define HAVE_MEMSET 1
#define HAVE_STRCHR 1
#define HAVE_STRTOL 1

configure: exit 0
