This file contains any messages produced by compilers while
running configure, to aid debugging if configure makes a mistake.

It was created by SZ configure 2.1, which was
generated by GNU Autoconf 2.69.  Invocation command line was

  $ ./configure --prefix=/opt/sz191211

## --------- ##
## Platform. ##
## --------- ##

hostname = DESKTOP-KRIGB23
uname -m = x86_64
uname -r = 4.4.0-18362-Microsoft
uname -s = Linux
uname -v = #476-Microsoft Fri Nov 01 16:53:00 PST 2019

/usr/bin/uname -p = unknown
/bin/uname -X     = unknown

/bin/arch              = unknown
/usr/bin/arch -k       = unknown
/usr/convex/getsysinfo = unknown
/usr/bin/hostinfo      = unknown
/bin/machine           = unknown
/usr/bin/oslevel       = unknown
/bin/universe          = unknown

PATH: /usr/local/sbin
PATH: /usr/local/bin
PATH: /usr/sbin
PATH: /usr/bin
PATH: /sbin
PATH: /bin
PATH: /usr/games
PATH: /usr/local/games
PATH: /opt/sz191211/bin


## ----------- ##
## Core tests. ##
## ----------- ##

configure:2454: checking for a BSD-compatible install
configure:2522: result: /usr/bin/install -c
configure:2533: checking whether build environment is sane
configure:2588: result: yes
configure:2739: checking for a thread-safe mkdir -p
configure:2778: result: /bin/mkdir -p
configure:2785: checking for gawk
configure:2801: found /usr/bin/gawk
configure:2812: result: gawk
configure:2823: checking whether make sets $(MAKE)
configure:2845: result: yes
configure:2874: checking whether make supports nested variables
configure:2891: result: yes
configure:3071: checking for gcc
configure:3087: found /usr/bin/gcc
configure:3098: result: gcc
configure:3327: checking for C compiler version
configure:3336: gcc --version >&5
gcc (Ubuntu 7.4.0-1ubuntu1~18.04.1) 7.4.0
Copyright (C) 2017 Free Software Foundation, Inc.
This is free software; see the source for copying conditions.  There is NO
warranty; not even for MERCHANTABILITY or FITNESS FOR A PARTICULAR PURPOSE.

configure:3347: $? = 0
configure:3336: gcc -v >&5
Using built-in specs.
COLLECT_GCC=gcc
COLLECT_LTO_WRAPPER=/usr/lib/gcc/x86_64-linux-gnu/7/lto-wrapper
OFFLOAD_TARGET_NAMES=nvptx-none
OFFLOAD_TARGET_DEFAULT=1
Target: x86_64-linux-gnu
Configured with: ../src/configure -v --with-pkgversion='Ubuntu 7.4.0-1ubuntu1~18.04.1' --with-bugurl=file:///usr/share/doc/gcc-7/README.Bugs --enable-languages=c,ada,c++,go,brig,d,fortran,objc,obj-c++ --prefix=/usr --with-gcc-major-version-only --program-suffix=-7 --program-prefix=x86_64-linux-gnu- --enable-shared --enable-linker-build-id --libexecdir=/usr/lib --without-included-gettext --enable-threads=posix --libdir=/usr/lib --enable-nls --with-sysroot=/ --enable-clocale=gnu --enable-libstdcxx-debug --enable-libstdcxx-time=yes --with-default-libstdcxx-abi=new --enable-gnu-unique-object --disable-vtable-verify --enable-libmpx --enable-plugin --enable-default-pie --with-system-zlib --with-target-system-zlib --enable-objc-gc=auto --enable-multiarch --disable-werror --with-arch-32=i686 --with-abi=m64 --with-multilib-list=m32,m64,mx32 --enable-multilib --with-tune=generic --enable-offload-targets=nvptx-none --without-cuda-driver --enable-checking=release --build=x86_64-linux-gnu --host=x86_64-linux-gnu --target=x86_64-linux-gnu
Thread model: posix
gcc version 7.4.0 (Ubuntu 7.4.0-1ubuntu1~18.04.1) 
configure:3347: $? = 0
configure:3336: gcc -V >&5
gcc: error: unrecognized command line option '-V'
gcc: fatal error: no input files
compilation terminated.
configure:3347: $? = 1
configure:3336: gcc -qversion >&5
gcc: error: unrecognized command line option '-qversion'; did you mean '--version'?
gcc: fatal error: no input files
compilation terminated.
configure:3347: $? = 1
configure:3367: checking whether the C compiler works
configure:3389: gcc -O3 -std=c99 -Wall   conftest.c  >&5
configure:3393: $? = 0
configure:3441: result: yes
configure:3444: checking for C compiler default output file name
configure:3446: result: a.out
configure:3452: checking for suffix of executables
configure:3459: gcc -o conftest -O3 -std=c99 -Wall   conftest.c  >&5
configure:3463: $? = 0
configure:3485: result: 
configure:3507: checking whether we are cross compiling
configure:3515: gcc -o conftest -O3 -std=c99 -Wall   conftest.c  >&5
configure:3519: $? = 0
configure:3526: ./conftest
configure:3530: $? = 0
configure:3545: result: no
configure:3550: checking for suffix of object files
configure:3572: gcc -c -O3 -std=c99 -Wall  conftest.c >&5
configure:3576: $? = 0
configure:3597: result: o
configure:3601: checking whether we are using the GNU C compiler
configure:3620: gcc -c -O3 -std=c99 -Wall  conftest.c >&5
configure:3620: $? = 0
configure:3629: result: yes
configure:3638: checking whether gcc accepts -g
configure:3658: gcc -c -g  conftest.c >&5
configure:3658: $? = 0
configure:3699: result: yes
configure:3716: checking for gcc option to accept ISO C89
configure:3779: gcc  -c -O3 -std=c99 -Wall  conftest.c >&5
configure:3779: $? = 0
configure:3792: result: none needed
configure:3817: checking whether gcc understands -c and -o together
configure:3839: gcc -c conftest.c -o conftest2.o
configure:3842: $? = 0
configure:3839: gcc -c conftest.c -o conftest2.o
configure:3842: $? = 0
configure:3854: result: yes
configure:3882: checking for style of include used by make
configure:3910: result: GNU
configure:3936: checking dependency style of gcc
configure:4047: result: gcc3
configure:4115: checking for gfortran
configure:4131: found /usr/bin/gfortran
configure:4142: result: gfortran
configure:4168: checking for Fortran compiler version
configure:4177: gfortran --version >&5
GNU Fortran (Ubuntu 7.4.0-1ubuntu1~18.04.1) 7.4.0
Copyright (C) 2017 Free Software Foundation, Inc.
This is free software; see the source for copying conditions.  There is NO
warranty; not even for MERCHANTABILITY or FITNESS FOR A PARTICULAR PURPOSE.

configure:4188: $? = 0
configure:4177: gfortran -v >&5
Using built-in specs.
COLLECT_GCC=gfortran
COLLECT_LTO_WRAPPER=/usr/lib/gcc/x86_64-linux-gnu/7/lto-wrapper
OFFLOAD_TARGET_NAMES=nvptx-none
OFFLOAD_TARGET_DEFAULT=1
Target: x86_64-linux-gnu
Configured with: ../src/configure -v --with-pkgversion='Ubuntu 7.4.0-1ubuntu1~18.04.1' --with-bugurl=file:///usr/share/doc/gcc-7/README.Bugs --enable-languages=c,ada,c++,go,brig,d,fortran,objc,obj-c++ --prefix=/usr --with-gcc-major-version-only --program-suffix=-7 --program-prefix=x86_64-linux-gnu- --enable-shared --enable-linker-build-id --libexecdir=/usr/lib --without-included-gettext --enable-threads=posix --libdir=/usr/lib --enable-nls --with-sysroot=/ --enable-clocale=gnu --enable-libstdcxx-debug --enable-libstdcxx-time=yes --with-default-libstdcxx-abi=new --enable-gnu-unique-object --disable-vtable-verify --enable-libmpx --enable-plugin --enable-default-pie --with-system-zlib --with-target-system-zlib --enable-objc-gc=auto --enable-multiarch --disable-werror --with-arch-32=i686 --with-abi=m64 --with-multilib-list=m32,m64,mx32 --enable-multilib --with-tune=generic --enable-offload-targets=nvptx-none --without-cuda-driver --enable-checking=release --build=x86_64-linux-gnu --host=x86_64-linux-gnu --target=x86_64-linux-gnu
Thread model: posix
gcc version 7.4.0 (Ubuntu 7.4.0-1ubuntu1~18.04.1) 
configure:4188: $? = 0
configure:4177: gfortran -V >&5
gfortran: error: unrecognized command line option '-V'
gfortran: fatal error: no input files
compilation terminated.
configure:4188: $? = 1
configure:4177: gfortran -qversion >&5
gfortran: error: unrecognized command line option '-qversion'; did you mean '--version'?
gfortran: fatal error: no input files
compilation terminated.
configure:4188: $? = 1
configure:4197: checking whether we are using the GNU Fortran compiler
configure:4210: gfortran -c   conftest.F >&5
configure:4210: $? = 0
configure:4219: result: yes
configure:4225: checking whether gfortran accepts -g
configure:4236: gfortran -c -g  conftest.f >&5
configure:4236: $? = 0
configure:4244: result: yes
configure:4316: checking for ranlib
configure:4332: found /usr/bin/ranlib
configure:4343: result: ranlib
configure:4415: checking for ar
configure:4431: found /usr/bin/ar
configure:4442: result: ar
configure:4468: checking the archiver (ar) interface
configure:4484: gcc -c -O3 -std=c99 -Wall  conftest.c >&5
configure:4484: $? = 0
configure:4486: ar cru libconftest.a conftest.o >&5
ar: `u' modifier ignored since `D' is the default (see `U')
configure:4489: $? = 0
configure:4517: result: ar
configure:4566: checking build system type
configure:4580: result: x86_64-unknown-linux-gnu
configure:4600: checking host system type
configure:4613: result: x86_64-unknown-linux-gnu
configure:4654: checking how to print strings
configure:4681: result: printf
configure:4702: checking for a sed that does not truncate output
configure:4766: result: /bin/sed
configure:4784: checking for grep that handles long lines and -e
configure:4842: result: /bin/grep
configure:4847: checking for egrep
configure:4909: result: /bin/grep -E
configure:4914: checking for fgrep
configure:4976: result: /bin/grep -F
configure:5011: checking for ld used by gcc
configure:5078: result: /usr/bin/ld
configure:5085: checking if the linker (/usr/bin/ld) is GNU ld
configure:5100: result: yes
configure:5112: checking for BSD- or MS-compatible name lister (nm)
configure:5166: result: /usr/bin/nm -B
configure:5296: checking the name lister (/usr/bin/nm -B) interface
configure:5303: gcc -c -O3 -std=c99 -Wall  conftest.c >&5
configure:5306: /usr/bin/nm -B "conftest.o"
configure:5309: output
0000000000000000 B some_variable
configure:5316: result: BSD nm
configure:5319: checking whether ln -s works
configure:5323: result: yes
configure:5331: checking the maximum length of command line arguments
configure:5462: result: 1572864
configure:5510: checking how to convert x86_64-unknown-linux-gnu file names to x86_64-unknown-linux-gnu format
configure:5550: result: func_convert_file_noop
configure:5557: checking how to convert x86_64-unknown-linux-gnu file names to toolchain format
configure:5577: result: func_convert_file_noop
configure:5584: checking for /usr/bin/ld option to reload object files
configure:5591: result: -r
configure:5665: checking for objdump
configure:5681: found /usr/bin/objdump
configure:5692: result: objdump
configure:5724: checking how to recognize dependent libraries
configure:5924: result: pass_all
configure:6009: checking for dlltool
configure:6039: result: no
configure:6069: checking how to associate runtime and link libraries
configure:6096: result: printf %s\n
configure:6220: checking for archiver @FILE support
configure:6237: gcc -c -O3 -std=c99 -Wall  conftest.c >&5
configure:6237: $? = 0
configure:6240: ar cru libconftest.a @conftest.lst >&5
ar: `u' modifier ignored since `D' is the default (see `U')
configure:6243: $? = 0
configure:6248: ar cru libconftest.a @conftest.lst >&5
ar: `u' modifier ignored since `D' is the default (see `U')
ar: conftest.o: No such file or directory
configure:6251: $? = 1
configure:6263: result: @
configure:6321: checking for strip
configure:6337: found /usr/bin/strip
configure:6348: result: strip
configure:6420: checking for ranlib
configure:6447: result: ranlib
configure:6549: checking command to parse /usr/bin/nm -B output from gcc object
configure:6702: gcc -c -O3 -std=c99 -Wall  conftest.c >&5
configure:6705: $? = 0
configure:6709: /usr/bin/nm -B conftest.o \| sed -n -e 's/^.*[ ]\([ABCDGIRSTW][ABCDGIRSTW]*\)[ ][ ]*\([_A-Za-z][_A-Za-z0-9]*\)$/\1 \2 \2/p' | sed '/ __gnu_lto/d' \> conftest.nm
configure:6712: $? = 0
configure:6778: gcc -o conftest -O3 -std=c99 -Wall   conftest.c conftstm.o >&5
configure:6781: $? = 0
configure:6819: result: ok
configure:6866: checking for sysroot
configure:6896: result: no
configure:6903: checking for a working dd
configure:6941: result: /bin/dd
configure:6945: checking how to truncate binary pipes
configure:6960: result: /bin/dd bs=4096 count=1
configure:7096: gcc -c -O3 -std=c99 -Wall  conftest.c >&5
configure:7099: $? = 0
configure:7289: checking for mt
configure:7305: found /bin/mt
configure:7316: result: mt
configure:7339: checking if mt is a manifest tool
configure:7345: mt '-?'
configure:7353: result: no
configure:8030: checking how to run the C preprocessor
configure:8061: gcc -E  conftest.c
configure:8061: $? = 0
configure:8075: gcc -E  conftest.c
conftest.c:11:10: fatal error: ac_nonexistent.h: No such file or directory
 #include <ac_nonexistent.h>
          ^~~~~~~~~~~~~~~~~~
compilation terminated.
configure:8075: $? = 1
configure: failed program was:
| /* confdefs.h */
| #define PACKAGE_NAME "SZ"
| #define PACKAGE_TARNAME "sz"
| #define PACKAGE_VERSION "2.1"
| #define PACKAGE_STRING "SZ 2.1"
| #define PACKAGE_BUGREPORT "sdi1@anl.gov"
| #define PACKAGE_URL ""
| #define PACKAGE "sz"
| #define VERSION "2.1"
| /* end confdefs.h.  */
| #include <ac_nonexistent.h>
configure:8100: result: gcc -E
configure:8120: gcc -E  conftest.c
configure:8120: $? = 0
configure:8134: gcc -E  conftest.c
conftest.c:11:10: fatal error: ac_nonexistent.h: No such file or directory
 #include <ac_nonexistent.h>
          ^~~~~~~~~~~~~~~~~~
compilation terminated.
configure:8134: $? = 1
configure: failed program was:
| /* confdefs.h */
| #define PACKAGE_NAME "SZ"
| #define PACKAGE_TARNAME "sz"
| #define PACKAGE_VERSION "2.1"
| #define PACKAGE_STRING "SZ 2.1"
| #define PACKAGE_BUGREPORT "sdi1@anl.gov"
| #define PACKAGE_URL ""
| #define PACKAGE "sz"
| #define VERSION "2.1"
| /* end confdefs.h.  */
| #include <ac_nonexistent.h>
configure:8163: checking for ANSI C header files
configure:8183: gcc -c -O3 -std=c99 -Wall  conftest.c >&5
configure:8183: $? = 0
configure:8256: gcc -o conftest -O3 -std=c99 -Wall   conftest.c  >&5
configure:8256: $? = 0
configure:8256: ./conftest
configure:8256: $? = 0
configure:8267: result: yes
configure:8280: checking for sys/types.h
configure:8280: gcc -c -O3 -std=c99 -Wall  conftest.c >&5
configure:8280: $? = 0
configure:8280: result: yes
configure:8280: checking for sys/stat.h
configure:8280: gcc -c -O3 -std=c99 -Wall  conftest.c >&5
configure:8280: $? = 0
configure:8280: result: yes
configure:8280: checking for stdlib.h
configure:8280: gcc -c -O3 -std=c99 -Wall  conftest.c >&5
configure:8280: $? = 0
configure:8280: result: yes
configure:8280: checking for string.h
configure:8280: gcc -c -O3 -std=c99 -Wall  conftest.c >&5
configure:8280: $? = 0
configure:8280: result: yes
configure:8280: checking for memory.h
configure:8280: gcc -c -O3 -std=c99 -Wall  conftest.c >&5
configure:8280: $? = 0
configure:8280: result: yes
configure:8280: checking for strings.h
configure:8280: gcc -c -O3 -std=c99 -Wall  conftest.c >&5
configure:8280: $? = 0
configure:8280: result: yes
configure:8280: checking for inttypes.h
configure:8280: gcc -c -O3 -std=c99 -Wall  conftest.c >&5
configure:8280: $? = 0
configure:8280: result: yes
configure:8280: checking for stdint.h
configure:8280: gcc -c -O3 -std=c99 -Wall  conftest.c >&5
configure:8280: $? = 0
configure:8280: result: yes
configure:8280: checking for unistd.h
configure:8280: gcc -c -O3 -std=c99 -Wall  conftest.c >&5
configure:8280: $? = 0
configure:8280: result: yes
configure:8294: checking for dlfcn.h
configure:8294: gcc -c -O3 -std=c99 -Wall  conftest.c >&5
configure:8294: $? = 0
configure:8294: result: yes
configure:8561: checking for objdir
configure:8576: result: .libs
configure:8836: checking if gcc supports -fno-rtti -fno-exceptions
configure:8854: gcc -c -O3 -std=c99 -Wall  -fno-rtti -fno-exceptions conftest.c >&5
cc1: warning: command line option '-fno-rtti' is valid for C++/ObjC++ but not for C
configure:8858: $? = 0
configure:8871: result: no
configure:9229: checking for gcc option to produce PIC
configure:9236: result: -fPIC -DPIC
configure:9244: checking if gcc PIC flag -fPIC -DPIC works
configure:9262: gcc -c -O3 -std=c99 -Wall  -fPIC -DPIC -DPIC conftest.c >&5
configure:9266: $? = 0
configure:9279: result: yes
configure:9308: checking if gcc static flag -static works
configure:9336: result: yes
configure:9351: checking if gcc supports -c -o file.o
configure:9372: gcc -c -O3 -std=c99 -Wall  -o out/conftest2.o conftest.c >&5
configure:9376: $? = 0
configure:9398: result: yes
configure:9406: checking if gcc supports -c -o file.o
configure:9453: result: yes
configure:9486: checking whether the gcc linker (/usr/bin/ld -m elf_x86_64) supports shared libraries
configure:10745: result: yes
configure:10782: checking whether -lc should be explicitly linked in
configure:10790: gcc -c -O3 -std=c99 -Wall  conftest.c >&5
configure:10793: $? = 0
configure:10808: gcc -shared  -fPIC -DPIC conftest.o  -v -Wl,-soname -Wl,conftest -o conftest 2\>\&1 \| /bin/grep  -lc  \>/dev/null 2\>\&1
configure:10811: $? = 0
configure:10825: result: no
configure:10985: checking dynamic linker characteristics
configure:11566: gcc -o conftest -O3 -std=c99 -Wall   -Wl,-rpath -Wl,/foo conftest.c  >&5
configure:11566: $? = 0
configure:11806: result: GNU/Linux ld.so
configure:11928: checking how to hardcode library paths into programs
configure:11953: result: immediate
configure:12501: checking whether stripping libraries is possible
configure:12506: result: yes
configure:12541: checking if libtool supports shared libraries
configure:12543: result: yes
configure:12546: checking whether to build shared libraries
configure:12571: result: yes
configure:12574: checking whether to build static libraries
configure:12578: result: yes
configure:12700: checking if libtool supports shared libraries
configure:12702: result: yes
configure:12705: checking whether to build shared libraries
configure:12729: result: yes
configure:12732: checking whether to build static libraries
configure:12736: result: yes
configure:12770: gfortran -c -g -O2  conftest.f >&5
configure:12773: $? = 0
configure:13251: checking for gfortran option to produce PIC
configure:13258: result: -fPIC
configure:13266: checking if gfortran PIC flag -fPIC works
configure:13284: gfortran -c -g -O2 -fPIC  conftest.f >&5
configure:13288: $? = 0
configure:13301: result: yes
configure:13324: checking if gfortran static flag -static works
configure:13352: result: yes
configure:13364: checking if gfortran supports -c -o file.o
configure:13385: gfortran -c -g -O2 -o out/conftest2.o  conftest.f >&5
configure:13389: $? = 0
configure:13411: result: yes
configure:13416: checking if gfortran supports -c -o file.o
configure:13463: result: yes
configure:13493: checking whether the gfortran linker (/usr/bin/ld -m elf_x86_64) supports shared libraries
configure:14702: result: yes
configure:14843: checking dynamic linker characteristics
configure:15585: result: GNU/Linux ld.so
configure:15650: checking how to hardcode library paths into programs
configure:15675: result: immediate
configure:15728: checking whether to enable maintainer-specific portions of Makefiles
configure:15737: result: no
configure:15759: checking fcntl.h usability
configure:15759: gcc -c -O3 -std=c99 -Wall  conftest.c >&5
configure:15759: $? = 0
configure:15759: result: yes
configure:15759: checking fcntl.h presence
configure:15759: gcc -E  conftest.c
configure:15759: $? = 0
configure:15759: result: yes
configure:15759: checking for fcntl.h
configure:15759: result: yes
configure:15759: checking limits.h usability
configure:15759: gcc -c -O3 -std=c99 -Wall  conftest.c >&5
configure:15759: $? = 0
configure:15759: result: yes
configure:15759: checking limits.h presence
configure:15759: gcc -E  conftest.c
configure:15759: $? = 0
configure:15759: result: yes
configure:15759: checking for limits.h
configure:15759: result: yes
configure:15759: checking malloc.h usability
configure:15759: gcc -c -O3 -std=c99 -Wall  conftest.c >&5
configure:15759: $? = 0
configure:15759: result: yes
configure:15759: checking malloc.h presence
configure:15759: gcc -E  conftest.c
configure:15759: $? = 0
configure:15759: result: yes
configure:15759: checking for malloc.h
configure:15759: result: yes
configure:15759: checking stddef.h usability
configure:15759: gcc -c -O3 -std=c99 -Wall  conftest.c >&5
configure:15759: $? = 0
configure:15759: result: yes
configure:15759: checking stddef.h presence
configure:15759: gcc -E  conftest.c
configure:15759: $? = 0
configure:15759: result: yes
configure:15759: checking for stddef.h
configure:15759: result: yes
configure:15759: checking for stdlib.h
configure:15759: result: yes
configure:15759: checking for string.h
configure:15759: result: yes
configure:15759: checking sys/time.h usability
configure:15759: gcc -c -O3 -std=c99 -Wall  conftest.c >&5
configure:15759: $? = 0
configure:15759: result: yes
configure:15759: checking sys/time.h presence
configure:15759: gcc -E  conftest.c
configure:15759: $? = 0
configure:15759: result: yes
configure:15759: checking for sys/time.h
configure:15759: result: yes
configure:15759: checking for unistd.h
configure:15759: result: yes
configure:16068: WARNING: GSL disabled
configure:16344: checking for size_t
configure:16344: gcc -c -O3 -std=c99 -Wall  conftest.c >&5
configure:16344: $? = 0
configure:16344: gcc -c -O3 -std=c99 -Wall  conftest.c >&5
conftest.c: In function 'main':
conftest.c:67:21: error: expected expression before ')' token
 if (sizeof ((size_t)))
                     ^
configure:16344: $? = 1
configure: failed program was:
| /* confdefs.h */
| #define PACKAGE_NAME "SZ"
| #define PACKAGE_TARNAME "sz"
| #define PACKAGE_VERSION "2.1"
| #define PACKAGE_STRING "SZ 2.1"
| #define PACKAGE_BUGREPORT "sdi1@anl.gov"
| #define PACKAGE_URL ""
| #define PACKAGE "sz"
| #define VERSION "2.1"
| #define STDC_HEADERS 1
| #define HAVE_SYS_TYPES_H 1
| #define HAVE_SYS_STAT_H 1
| #define HAVE_STDLIB_H 1
| #define HAVE_STRING_H 1
| #define HAVE_MEMORY_H 1
| #define HAVE_STRINGS_H 1
| #define HAVE_INTTYPES_H 1
| #define HAVE_STDINT_H 1
| #define HAVE_UNISTD_H 1
| #define HAVE_DLFCN_H 1
| #define LT_OBJDIR ".libs/"
| #define HAVE_FCNTL_H 1
| #define HAVE_LIMITS_H 1
| #define HAVE_MALLOC_H 1
| #define HAVE_STDDEF_H 1
| #define HAVE_STDLIB_H 1
| #define HAVE_STRING_H 1
| #define HAVE_SYS_TIME_H 1
| #define HAVE_UNISTD_H 1
| /* end confdefs.h.  */
| #include <stdio.h>
| #ifdef HAVE_SYS_TYPES_H
| # include <sys/types.h>
| #endif
| #ifdef HAVE_SYS_STAT_H
| # include <sys/stat.h>
| #endif
| #ifdef STDC_HEADERS
| # include <stdlib.h>
| # include <stddef.h>
| #else
| # ifdef HAVE_STDLIB_H
| #  include <stdlib.h>
| # endif
| #endif
| #ifdef HAVE_STRING_H
| # if !defined STDC_HEADERS && defined HAVE_MEMORY_H
| #  include <memory.h>
| # endif
| # include <string.h>
| #endif
| #ifdef HAVE_STRINGS_H
| # include <strings.h>
| #endif
| #ifdef HAVE_INTTYPES_H
| # include <inttypes.h>
| #endif
| #ifdef HAVE_STDINT_H
| # include <stdint.h>
| #endif
| #ifdef HAVE_UNISTD_H
| # include <unistd.h>
| #endif
| int
| main ()
| {
| if (sizeof ((size_t)))
| 	    return 0;
|   ;
|   return 0;
| }
configure:16344: result: yes
configure:16355: checking for ptrdiff_t
configure:16355: gcc -c -O3 -std=c99 -Wall  conftest.c >&5
configure:16355: $? = 0
configure:16355: gcc -c -O3 -std=c99 -Wall  conftest.c >&5
conftest.c: In function 'main':
conftest.c:67:24: error: expected expression before ')' token
 if (sizeof ((ptrdiff_t)))
                        ^
configure:16355: $? = 1
configure: failed program was:
| /* confdefs.h */
| #define PACKAGE_NAME "SZ"
| #define PACKAGE_TARNAME "sz"
| #define PACKAGE_VERSION "2.1"
| #define PACKAGE_STRING "SZ 2.1"
| #define PACKAGE_BUGREPORT "sdi1@anl.gov"
| #define PACKAGE_URL ""
| #define PACKAGE "sz"
| #define VERSION "2.1"
| #define STDC_HEADERS 1
| #define HAVE_SYS_TYPES_H 1
| #define HAVE_SYS_STAT_H 1
| #define HAVE_STDLIB_H 1
| #define HAVE_STRING_H 1
| #define HAVE_MEMORY_H 1
| #define HAVE_STRINGS_H 1
| #define HAVE_INTTYPES_H 1
| #define HAVE_STDINT_H 1
| #define HAVE_UNISTD_H 1
| #define HAVE_DLFCN_H 1
| #define LT_OBJDIR ".libs/"
| #define HAVE_FCNTL_H 1
| #define HAVE_LIMITS_H 1
| #define HAVE_MALLOC_H 1
| #define HAVE_STDDEF_H 1
| #define HAVE_STDLIB_H 1
| #define HAVE_STRING_H 1
| #define HAVE_SYS_TIME_H 1
| #define HAVE_UNISTD_H 1
| /* end confdefs.h.  */
| #include <stdio.h>
| #ifdef HAVE_SYS_TYPES_H
| # include <sys/types.h>
| #endif
| #ifdef HAVE_SYS_STAT_H
| # include <sys/stat.h>
| #endif
| #ifdef STDC_HEADERS
| # include <stdlib.h>
| # include <stddef.h>
| #else
| # ifdef HAVE_STDLIB_H
| #  include <stdlib.h>
| # endif
| #endif
| #ifdef HAVE_STRING_H
| # if !defined STDC_HEADERS && defined HAVE_MEMORY_H
| #  include <memory.h>
| # endif
| # include <string.h>
| #endif
| #ifdef HAVE_STRINGS_H
| # include <strings.h>
| #endif
| #ifdef HAVE_INTTYPES_H
| # include <inttypes.h>
| #endif
| #ifdef HAVE_STDINT_H
| # include <stdint.h>
| #endif
| #ifdef HAVE_UNISTD_H
| # include <unistd.h>
| #endif
| int
| main ()
| {
| if (sizeof ((ptrdiff_t)))
| 	    return 0;
|   ;
|   return 0;
| }
configure:16355: result: yes
configure:16369: checking for stdlib.h
configure:16369: result: yes
configure:16379: checking for GNU libc compatible malloc
configure:16403: gcc -o conftest -O3 -std=c99 -Wall   conftest.c  >&5
configure:16403: $? = 0
configure:16403: ./conftest
configure:16403: $? = 0
configure:16413: result: yes
configure:16436: checking for stdlib.h
configure:16436: result: yes
configure:16446: checking for GNU libc compatible realloc
configure:16470: gcc -o conftest -O3 -std=c99 -Wall   conftest.c  >&5
configure:16470: $? = 0
configure:16470: ./conftest
configure:16470: $? = 0
configure:16480: result: yes
configure:16504: checking for memchr
configure:16504: gcc -o conftest -O3 -std=c99 -Wall   conftest.c  >&5
conftest.c:59:6: warning: conflicting types for built-in function 'memchr' [-Wbuiltin-declaration-mismatch]
 char memchr ();
      ^~~~~~
configure:16504: $? = 0
configure:16504: result: yes
configure:16504: checking for memset
configure:16504: gcc -o conftest -O3 -std=c99 -Wall   conftest.c  >&5
conftest.c:60:6: warning: conflicting types for built-in function 'memset' [-Wbuiltin-declaration-mismatch]
 char memset ();
      ^~~~~~
configure:16504: $? = 0
configure:16504: result: yes
configure:16504: checking for strchr
configure:16504: gcc -o conftest -O3 -std=c99 -Wall   conftest.c  >&5
conftest.c:61:6: warning: conflicting types for built-in function 'strchr' [-Wbuiltin-declaration-mismatch]
 char strchr ();
      ^~~~~~
configure:16504: $? = 0
configure:16504: result: yes
configure:16504: checking for strtol
configure:16504: gcc -o conftest -O3 -std=c99 -Wall   conftest.c  >&5
configure:16504: $? = 0
configure:16504: result: yes
configure:16625: checking that generated files are newer than configure
configure:16631: result: done
configure:16682: creating ./config.status

## ---------------------- ##
## Running config.status. ##
## ---------------------- ##

This file was extended by SZ config.status 2.1, which was
generated by GNU Autoconf 2.69.  Invocation command line was

  CONFIG_FILES    = 
  CONFIG_HEADERS  = 
  CONFIG_LINKS    = 
  CONFIG_COMMANDS = 
  $ ./config.status 

on DESKTOP-KRIGB23

config.status:1190: creating Makefile
config.status:1190: creating sz/Makefile
config.status:1190: creating zlib/Makefile
config.status:1190: creating zstd/Makefile
config.status:1190: creating example/Makefile
config.status:1190: creating config.h
config.status:1371: config.h is unchanged
config.status:1419: executing depfiles commands
config.status:1419: executing libtool commands

## ---------------- ##
## Cache variables. ##
## ---------------- ##

ac_cv_build=x86_64-unknown-linux-gnu
ac_cv_c_compiler_gnu=yes
ac_cv_env_CC_set=
ac_cv_env_CC_value=
ac_cv_env_CFLAGS_set=
ac_cv_env_CFLAGS_value=
ac_cv_env_CPPFLAGS_set=
ac_cv_env_CPPFLAGS_value=
ac_cv_env_CPP_set=
ac_cv_env_CPP_value=
ac_cv_env_FCFLAGS_set=
ac_cv_env_FCFLAGS_value=
ac_cv_env_FC_set=
ac_cv_env_FC_value=
ac_cv_env_LDFLAGS_set=
ac_cv_env_LDFLAGS_value=
ac_cv_env_LIBS_set=
ac_cv_env_LIBS_value=
ac_cv_env_LT_SYS_LIBRARY_PATH_set=
ac_cv_env_LT_SYS_LIBRARY_PATH_value=
ac_cv_env_build_alias_set=
ac_cv_env_build_alias_value=
ac_cv_env_host_alias_set=
ac_cv_env_host_alias_value=
ac_cv_env_target_alias_set=
ac_cv_env_target_alias_value=
ac_cv_fc_compiler_gnu=yes
ac_cv_func_malloc_0_nonnull=yes
ac_cv_func_memchr=yes
ac_cv_func_memset=yes
ac_cv_func_realloc_0_nonnull=yes
ac_cv_func_strchr=yes
ac_cv_func_strtol=yes
ac_cv_header_dlfcn_h=yes
ac_cv_header_fcntl_h=yes
ac_cv_header_inttypes_h=yes
ac_cv_header_limits_h=yes
ac_cv_header_malloc_h=yes
ac_cv_header_memory_h=yes
ac_cv_header_stdc=yes
ac_cv_header_stddef_h=yes
ac_cv_header_stdint_h=yes
ac_cv_header_stdlib_h=yes
ac_cv_header_string_h=yes
ac_cv_header_strings_h=yes
ac_cv_header_sys_stat_h=yes
ac_cv_header_sys_time_h=yes
ac_cv_header_sys_types_h=yes
ac_cv_header_unistd_h=yes
ac_cv_host=x86_64-unknown-linux-gnu
ac_cv_objext=o
ac_cv_path_EGREP='/bin/grep -E'
ac_cv_path_FGREP='/bin/grep -F'
ac_cv_path_GREP=/bin/grep
ac_cv_path_SED=/bin/sed
ac_cv_path_install='/usr/bin/install -c'
ac_cv_path_lt_DD=/bin/dd
ac_cv_path_mkdir=/bin/mkdir
ac_cv_prog_AWK=gawk
ac_cv_prog_CPP='gcc -E'
ac_cv_prog_ac_ct_AR=ar
ac_cv_prog_ac_ct_CC=gcc
ac_cv_prog_ac_ct_FC=gfortran
ac_cv_prog_ac_ct_MANIFEST_TOOL=mt
ac_cv_prog_ac_ct_OBJDUMP=objdump
ac_cv_prog_ac_ct_RANLIB=ranlib
ac_cv_prog_ac_ct_STRIP=strip
ac_cv_prog_cc_c89=
ac_cv_prog_cc_g=yes
ac_cv_prog_fc_g=yes
ac_cv_prog_make_make_set=yes
ac_cv_type_ptrdiff_t=yes
ac_cv_type_size_t=yes
am_cv_CC_dependencies_compiler_type=gcc3
am_cv_ar_interface=ar
am_cv_make_support_nested_variables=yes
am_cv_prog_cc_c_o=yes
lt_cv_ar_at_file=@
lt_cv_archive_cmds_need_lc=no
lt_cv_deplibs_check_method=pass_all
lt_cv_file_magic_cmd='$MAGIC_CMD'
lt_cv_file_magic_test_file=
lt_cv_ld_reload_flag=-r
lt_cv_nm_interface='BSD nm'
lt_cv_objdir=.libs
lt_cv_path_LD=/usr/bin/ld
lt_cv_path_NM='/usr/bin/nm -B'
lt_cv_path_mainfest_tool=no
lt_cv_prog_compiler_c_o=yes
lt_cv_prog_compiler_c_o_FC=yes
lt_cv_prog_compiler_pic='-fPIC -DPIC'
lt_cv_prog_compiler_pic_FC=-fPIC
lt_cv_prog_compiler_pic_works=yes
lt_cv_prog_compiler_pic_works_FC=yes
lt_cv_prog_compiler_rtti_exceptions=no
lt_cv_prog_compiler_static_works=yes
lt_cv_prog_compiler_static_works_FC=yes
lt_cv_prog_gnu_ld=yes
lt_cv_sharedlib_from_linklib_cmd='printf %s\n'
lt_cv_shlibpath_overrides_runpath=yes
lt_cv_sys_global_symbol_pipe='sed -n -e '\''s/^.*[	 ]\([ABCDGIRSTW][ABCDGIRSTW]*\)[	 ][	 ]*\([_A-Za-z][_A-Za-z0-9]*\)$/\1 \2 \2/p'\'' | sed '\''/ __gnu_lto/d'\'''
lt_cv_sys_global_symbol_to_c_name_address='sed -n -e '\''s/^: \(.*\) .*$/  {"\1", (void *) 0},/p'\'' -e '\''s/^[ABCDGIRSTW][ABCDGIRSTW]* .* \(.*\)$/  {"\1", (void *) \&\1},/p'\'''
lt_cv_sys_global_symbol_to_c_name_address_lib_prefix='sed -n -e '\''s/^: \(.*\) .*$/  {"\1", (void *) 0},/p'\'' -e '\''s/^[ABCDGIRSTW][ABCDGIRSTW]* .* \(lib.*\)$/  {"\1", (void *) \&\1},/p'\'' -e '\''s/^[ABCDGIRSTW][ABCDGIRSTW]* .* \(.*\)$/  {"lib\1", (void *) \&\1},/p'\'''
lt_cv_sys_global_symbol_to_cdecl='sed -n -e '\''s/^T .* \(.*\)$/extern int \1();/p'\'' -e '\''s/^[ABCDGIRSTW][ABCDGIRSTW]* .* \(.*\)$/extern char \1;/p'\'''
lt_cv_sys_global_symbol_to_import=
lt_cv_sys_max_cmd_len=1572864
lt_cv_to_host_file_cmd=func_convert_file_noop
lt_cv_to_tool_file_cmd=func_convert_file_noop
lt_cv_truncate_bin='/bin/dd bs=4096 count=1'

## ----------------- ##
## Output variables. ##
## ----------------- ##

ACLOCAL='${SHELL} /mnt/c/Users/huyao/Documents/GitHub/data-compression/SZ/missing aclocal-1.15'
AMDEPBACKSLASH='\'
AMDEP_FALSE='#'
AMDEP_TRUE=''
AMTAR='$${TAR-tar}'
AM_BACKSLASH='\'
AM_DEFAULT_V='$(AM_DEFAULT_VERBOSITY)'
AM_DEFAULT_VERBOSITY='1'
AM_V='$(V)'
AR='ar'
AUTOCONF='${SHELL} /mnt/c/Users/huyao/Documents/GitHub/data-compression/SZ/missing autoconf'
AUTOHEADER='${SHELL} /mnt/c/Users/huyao/Documents/GitHub/data-compression/SZ/missing autoheader'
AUTOMAKE='${SHELL} /mnt/c/Users/huyao/Documents/GitHub/data-compression/SZ/missing automake-1.15'
AWK='gawk'
CC='gcc'
CCDEPMODE='depmode=gcc3'
CFLAGS='-O3 -std=c99 -Wall'
CPP='gcc -E'
CPPFLAGS=''
CYGPATH_W='echo'
DEFS='-DHAVE_CONFIG_H'
DEPDIR='.deps'
DLLTOOL='false'
DSYMUTIL=''
DUMPBIN=''
ECHO_C=''
ECHO_N='-n'
ECHO_T=''
EGREP='/bin/grep -E'
EXEEXT=''
FC='gfortran'
FCFLAGS='-g -O2'
FGREP='/bin/grep -F'
FORTRAN_FALSE=''
FORTRAN_TRUE='#'
GREP='/bin/grep'
GSL_CFLAGS=''
GSL_CONFIG=''
GSL_FALSE=''
GSL_HDR=''
GSL_LIB=''
GSL_LIBS=''
GSL_STATIC=''
GSL_TRUE='#'
INSTALL_DATA='${INSTALL} -m 644'
INSTALL_PROGRAM='${INSTALL}'
INSTALL_SCRIPT='${INSTALL}'
INSTALL_STRIP_PROGRAM='$(install_sh) -c -s'
LD='/usr/bin/ld -m elf_x86_64'
LDFLAGS=''
LIBOBJS=''
LIBS=''
LIBTOOL='$(SHELL) $(top_builddir)/libtool'
LIPO=''
LN_S='ln -s'
LTLIBOBJS=''
LT_SYS_LIBRARY_PATH=''
MAINT='#'
MAINTAINER_MODE_FALSE=''
MAINTAINER_MODE_TRUE='#'
MAKEINFO='${SHELL} /mnt/c/Users/huyao/Documents/GitHub/data-compression/SZ/missing makeinfo'
MANIFEST_TOOL=':'
MKDIR_P='/bin/mkdir -p'
NM='/usr/bin/nm -B'
NMEDIT=''
OBJDUMP='objdump'
OBJEXT='o'
OPENMP_FALSE=''
OPENMP_FLAGS=''
OPENMP_TRUE='#'
OTOOL64=''
OTOOL=''
PACKAGE='sz'
PACKAGE_BUGREPORT='sdi1@anl.gov'
PACKAGE_NAME='SZ'
PACKAGE_STRING='SZ 2.1'
PACKAGE_TARNAME='sz'
PACKAGE_URL=''
PACKAGE_VERSION='2.1'
PASTRI_FALSE=''
PASTRI_TRUE='#'
PATH_SEPARATOR=':'
RANDOMACCESS_FALSE=''
RANDOMACCESS_FLAGS=''
RANDOMACCESS_TRUE='#'
RANLIB='ranlib'
SED='/bin/sed'
SET_MAKE=''
SHELL='/bin/bash'
STRIP='strip'
TIMECMPR_FALSE=''
TIMECMPR_FLAGS=''
TIMECMPR_TRUE='#'
VERSION='2.1'
ac_ct_AR='ar'
ac_ct_CC='gcc'
ac_ct_DUMPBIN=''
ac_ct_FC='gfortran'
am__EXEEXT_FALSE=''
am__EXEEXT_TRUE='#'
am__fastdepCC_FALSE='#'
am__fastdepCC_TRUE=''
am__include='include'
am__isrc=''
am__leading_dot='.'
am__nodep='_no'
am__quote=''
am__tar='$${TAR-tar} chof - "$$tardir"'
am__untar='$${TAR-tar} xf -'
bindir='${exec_prefix}/bin'
build='x86_64-unknown-linux-gnu'
build_alias=''
build_cpu='x86_64'
build_os='linux-gnu'
build_vendor='unknown'
datadir='${datarootdir}'
datarootdir='${prefix}/share'
docdir='${datarootdir}/doc/${PACKAGE_TARNAME}'
dvidir='${docdir}'
exec_prefix='${prefix}'
host='x86_64-unknown-linux-gnu'
host_alias=''
host_cpu='x86_64'
host_os='linux-gnu'
host_vendor='unknown'
htmldir='${docdir}'
includedir='${prefix}/include'
infodir='${datarootdir}/info'
install_sh='${SHELL} /mnt/c/Users/huyao/Documents/GitHub/data-compression/SZ/install-sh'
libdir='${exec_prefix}/lib'
libexecdir='${exec_prefix}/libexec'
localedir='${datarootdir}/locale'
localstatedir='${prefix}/var'
mandir='${datarootdir}/man'
mkdir_p='$(MKDIR_P)'
oldincludedir='/usr/include'
pdfdir='${docdir}'
prefix='/opt/sz191211'
program_transform_name='s,x,x,'
psdir='${docdir}'
sbindir='${exec_prefix}/sbin'
sharedstatedir='${prefix}/com'
sysconfdir='${prefix}/etc'
target_alias=''

## ----------- ##
## confdefs.h. ##
## ----------- ##

/* confdefs.h */
#define PACKAGE_NAME "SZ"
#define PACKAGE_TARNAME "sz"
#define PACKAGE_VERSION "2.1"
#define PACKAGE_STRING "SZ 2.1"
#define PACKAGE_BUGREPORT "sdi1@anl.gov"
#define PACKAGE_URL ""
#define PACKAGE "sz"
#define VERSION "2.1"
#define STDC_HEADERS 1
#define HAVE_SYS_TYPES_H 1
#define HAVE_SYS_STAT_H 1
#define HAVE_STDLIB_H 1
#define HAVE_STRING_H 1
#define HAVE_MEMORY_H 1
#define HAVE_STRINGS_H 1
#define HAVE_INTTYPES_H 1
#define HAVE_STDINT_H 1
#define HAVE_UNISTD_H 1
#define HAVE_DLFCN_H 1
#define LT_OBJDIR ".libs/"
#define HAVE_FCNTL_H 1
#define HAVE_LIMITS_H 1
#define HAVE_MALLOC_H 1
#define HAVE_STDDEF_H 1
#define HAVE_STDLIB_H 1
#define HAVE_STRING_H 1
#define HAVE_SYS_TIME_H 1
#define HAVE_UNISTD_H 1
#define HAVE_PTRDIFF_T 1
#define HAVE_STDLIB_H 1
#define HAVE_MALLOC 1
#define HAVE_STDLIB_H 1
#define HAVE_REALLOC 1
#define HAVE_MEMCHR 1
#define HAVE_MEMSET 1
#define HAVE_STRCHR 1
#define HAVE_STRTOL 1

configure: exit 0
