This file contains any messages produced by compilers while
running configure, to aid debugging if configure makes a mistake.

It was created by fftss configure 3.0, which was
generated by GNU Autoconf 2.59.  Invocation command line was

  $ ./configure CC=mpicc --enable-mpi

## --------- ##
## Platform. ##
## --------- ##

hostname = DESKTOP-KRIGB23
uname -m = x86_64
uname -r = 4.4.0-18362-Microsoft
uname -s = Linux
uname -v = #476-Microsoft Fri Nov 01 16:53:00 PST 2019

/usr/bin/uname -p = unknown
/bin/uname -X     = unknown

/bin/arch              = unknown
/usr/bin/arch -k       = unknown
/usr/convex/getsysinfo = unknown
hostinfo               = unknown
/bin/machine           = unknown
/usr/bin/oslevel       = unknown
/bin/universe          = unknown

PATH: /usr/local/sbin
PATH: /usr/local/bin
PATH: /usr/sbin
PATH: /usr/bin
PATH: /sbin
PATH: /bin
PATH: /usr/games
PATH: /usr/local/games
PATH: /mnt/c/Users/huyao/Downloads/cmder_mini/vendor/conemu-maximus5/ConEmu/Scripts
PATH: /mnt/c/Users/huyao/Downloads/cmder_mini/vendor/conemu-maximus5
PATH: /mnt/c/Users/huyao/Downloads/cmder_mini/vendor/conemu-maximus5/ConEmu
PATH: /mnt/c/Program Files (x86)/Intel/Intel(R) Management Engine Components/iCLS/
PATH: /mnt/c/Program Files/Intel/Intel(R) Management Engine Components/iCLS/
PATH: /mnt/c/WINDOWS/system32
PATH: /mnt/c/WINDOWS
PATH: /mnt/c/WINDOWS/System32/Wbem
PATH: /mnt/c/WINDOWS/System32/WindowsPowerShell/v1.0/
PATH: /mnt/c/WINDOWS/System32/OpenSSH/
PATH: /mnt/c/Program Files (x86)/Intel/Intel(R) Management Engine Components/DAL
PATH: /mnt/c/Program Files/Intel/Intel(R) Management Engine Components/DAL
PATH: / C
PATH: /Program Files/Java/jdk-12.0.2/bin
PATH: /mnt/c/Program Files/Git/cmd
PATH: /mnt/c/Python27
PATH: /mnt/c/Python27/Scripts
PATH: /mnt/c/Users/huyao/AppData/Local/Microsoft/WindowsApps
PATH: /mnt/c/Users/huyao/AppData/Local/GitHubDesktop/bin
PATH: /mnt/c/Users/huyao/AppData/Local/Programs/Microsoft VS Code/bin
PATH: /mnt/c/Program Files/Docker Toolbox
PATH: /mnt/c/texlive/2019/bin/win32
PATH: /%USERPROFILE%/AppData/Local/Microsoft/WindowsApps
PATH: /snap/bin


## ----------- ##
## Core tests. ##
## ----------- ##

configure:1569: checking for a BSD-compatible install
configure:1624: result: /usr/bin/install -c
configure:1635: checking whether build environment is sane
configure:1678: result: yes
configure:1743: checking for gawk
configure:1759: found /usr/bin/gawk
configure:1769: result: gawk
configure:1779: checking whether make sets $(MAKE)
configure:1799: result: yes
configure:1970: checking whether to enable maintainer-specific portions of Makefiles
configure:1979: result: no
configure:2001: checking build system type
configure:2019: result: x86_64-unknown-linux-gnu
configure:2027: checking host system type
configure:2041: result: x86_64-unknown-linux-gnu
configure:2300: checking for gcc
configure:2326: result: mpicc
configure:2570: checking for C compiler version
configure:2573: mpicc --version </dev/null >&5
gcc (Ubuntu 7.4.0-1ubuntu1~18.04.1) 7.4.0
Copyright (C) 2017 Free Software Foundation, Inc.
This is free software; see the source for copying conditions.  There is NO
warranty; not even for MERCHANTABILITY or FITNESS FOR A PARTICULAR PURPOSE.

configure:2576: $? = 0
configure:2578: mpicc -v </dev/null >&5
mpicc for MPICH version 3.3a2
Using built-in specs.
COLLECT_GCC=gcc
COLLECT_LTO_WRAPPER=/usr/lib/gcc/x86_64-linux-gnu/7/lto-wrapper
OFFLOAD_TARGET_NAMES=nvptx-none
OFFLOAD_TARGET_DEFAULT=1
Target: x86_64-linux-gnu
Configured with: ../src/configure -v --with-pkgversion='Ubuntu 7.4.0-1ubuntu1~18.04.1' --with-bugurl=file:///usr/share/doc/gcc-7/README.Bugs --enable-languages=c,ada,c++,go,brig,d,fortran,objc,obj-c++ --prefix=/usr --with-gcc-major-version-only --program-suffix=-7 --program-prefix=x86_64-linux-gnu- --enable-shared --enable-linker-build-id --libexecdir=/usr/lib --without-included-gettext --enable-threads=posix --libdir=/usr/lib --enable-nls --with-sysroot=/ --enable-clocale=gnu --enable-libstdcxx-debug --enable-libstdcxx-time=yes --with-default-libstdcxx-abi=new --enable-gnu-unique-object --disable-vtable-verify --enable-libmpx --enable-plugin --enable-default-pie --with-system-zlib --with-target-system-zlib --enable-objc-gc=auto --enable-multiarch --disable-werror --with-arch-32=i686 --with-abi=m64 --with-multilib-list=m32,m64,mx32 --enable-multilib --with-tune=generic --enable-offload-targets=nvptx-none --without-cuda-driver --enable-checking=release --build=x86_64-linux-gnu --host=x86_64-linux-gnu --target=x86_64-linux-gnu
Thread model: posix
gcc version 7.4.0 (Ubuntu 7.4.0-1ubuntu1~18.04.1) 
configure:2581: $? = 0
configure:2583: mpicc -V </dev/null >&5
gcc: error: unrecognized command line option '-V'
configure:2586: $? = 1
configure:2609: checking for C compiler default output file name
configure:2612: mpicc    conftest.c  >&5
configure:2615: $? = 0
configure:2661: result: a.out
configure:2666: checking whether the C compiler works
configure:2672: ./a.out
configure:2675: $? = 0
configure:2692: result: yes
configure:2699: checking whether we are cross compiling
configure:2701: result: no
configure:2704: checking for suffix of executables
configure:2706: mpicc -o conftest    conftest.c  >&5
configure:2709: $? = 0
configure:2734: result: 
configure:2740: checking for suffix of object files
configure:2761: mpicc -c   conftest.c >&5
configure:2764: $? = 0
configure:2786: result: o
configure:2790: checking whether we are using the GNU C compiler
configure:2814: mpicc -c   conftest.c >&5
configure:2820: $? = 0
configure:2824: test -z 
			 || test ! -s conftest.err
configure:2827: $? = 0
configure:2830: test -s conftest.o
configure:2833: $? = 0
configure:2846: result: yes
configure:2852: checking whether mpicc accepts -g
configure:2873: mpicc -c -g  conftest.c >&5
configure:2879: $? = 0
configure:2883: test -z 
			 || test ! -s conftest.err
configure:2886: $? = 0
configure:2889: test -s conftest.o
configure:2892: $? = 0
configure:2903: result: yes
configure:2920: checking for mpicc option to accept ANSI C
configure:2990: mpicc  -c -g -O2  conftest.c >&5
configure:2996: $? = 0
configure:3000: test -z 
			 || test ! -s conftest.err
configure:3003: $? = 0
configure:3006: test -s conftest.o
configure:3009: $? = 0
configure:3027: result: none needed
configure:3045: mpicc -c -g -O2  conftest.c >&5
conftest.c:2:3: error: unknown type name 'choke'
   choke me
   ^~~~~
conftest.c:2:3: error: expected '=', ',', ';', 'asm' or '__attribute__' at end of input
configure:3051: $? = 1
configure: failed program was:
| #ifndef __cplusplus
|   choke me
| #endif
configure:3195: checking for style of include used by make
configure:3223: result: GNU
configure:3251: checking dependency style of mpicc
configure:3341: result: gcc3
configure:3407: checking for cos in -lm
configure:3437: mpicc -o conftest -g -O2   conftest.c -lm   >&5
conftest.c:18:6: warning: conflicting types for built-in function 'cos' [-Wbuiltin-declaration-mismatch]
 char cos ();
      ^~~
configure:3443: $? = 0
configure:3447: test -z 
			 || test ! -s conftest.err
configure:3450: $? = 0
configure:3453: test -s conftest
configure:3456: $? = 0
configure:3469: result: yes
configure:3487: checking how to run the C preprocessor
configure:3522: mpicc -E  conftest.c
configure:3528: $? = 0
configure:3560: mpicc -E  conftest.c
conftest.c:12:10: fatal error: ac_nonexistent.h: No such file or directory
 #include <ac_nonexistent.h>
          ^~~~~~~~~~~~~~~~~~
compilation terminated.
configure:3566: $? = 1
configure: failed program was:
| /* confdefs.h.  */
| 
| #define PACKAGE_NAME "fftss"
| #define PACKAGE_TARNAME "fftss"
| #define PACKAGE_VERSION "3.0"
| #define PACKAGE_STRING "fftss 3.0"
| #define PACKAGE_BUGREPORT ""
| #define PACKAGE "fftss"
| #define VERSION "3.0"
| #define HAVE_LIBM 1
| /* end confdefs.h.  */
| #include <ac_nonexistent.h>
configure:3605: result: mpicc -E
configure:3629: mpicc -E  conftest.c
configure:3635: $? = 0
configure:3667: mpicc -E  conftest.c
conftest.c:12:10: fatal error: ac_nonexistent.h: No such file or directory
 #include <ac_nonexistent.h>
          ^~~~~~~~~~~~~~~~~~
compilation terminated.
configure:3673: $? = 1
configure: failed program was:
| /* confdefs.h.  */
| 
| #define PACKAGE_NAME "fftss"
| #define PACKAGE_TARNAME "fftss"
| #define PACKAGE_VERSION "3.0"
| #define PACKAGE_STRING "fftss 3.0"
| #define PACKAGE_BUGREPORT ""
| #define PACKAGE "fftss"
| #define VERSION "3.0"
| #define HAVE_LIBM 1
| /* end confdefs.h.  */
| #include <ac_nonexistent.h>
configure:3717: checking for egrep
configure:3727: result: grep -E
configure:3732: checking for ANSI C header files
configure:3757: mpicc -c -g -O2  conftest.c >&5
configure:3763: $? = 0
configure:3767: test -z 
			 || test ! -s conftest.err
configure:3770: $? = 0
configure:3773: test -s conftest.o
configure:3776: $? = 0
configure:3865: mpicc -o conftest -g -O2   conftest.c -lm  >&5
conftest.c: In function 'main':
conftest.c:29:7: warning: implicit declaration of function 'exit' [-Wimplicit-function-declaration]
       exit(2);
       ^~~~
conftest.c:29:7: warning: incompatible implicit declaration of built-in function 'exit'
conftest.c:29:7: note: include '<stdlib.h>' or provide a declaration of 'exit'
conftest.c:30:3: warning: incompatible implicit declaration of built-in function 'exit'
   exit (0);
   ^~~~
conftest.c:30:3: note: include '<stdlib.h>' or provide a declaration of 'exit'
configure:3868: $? = 0
configure:3870: ./conftest
configure:3873: $? = 0
configure:3888: result: yes
configure:3912: checking for sys/types.h
configure:3928: mpicc -c -g -O2  conftest.c >&5
configure:3934: $? = 0
configure:3938: test -z 
			 || test ! -s conftest.err
configure:3941: $? = 0
configure:3944: test -s conftest.o
configure:3947: $? = 0
configure:3958: result: yes
configure:3912: checking for sys/stat.h
configure:3928: mpicc -c -g -O2  conftest.c >&5
configure:3934: $? = 0
configure:3938: test -z 
			 || test ! -s conftest.err
configure:3941: $? = 0
configure:3944: test -s conftest.o
configure:3947: $? = 0
configure:3958: result: yes
configure:3912: checking for stdlib.h
configure:3928: mpicc -c -g -O2  conftest.c >&5
configure:3934: $? = 0
configure:3938: test -z 
			 || test ! -s conftest.err
configure:3941: $? = 0
configure:3944: test -s conftest.o
configure:3947: $? = 0
configure:3958: result: yes
configure:3912: checking for string.h
configure:3928: mpicc -c -g -O2  conftest.c >&5
configure:3934: $? = 0
configure:3938: test -z 
			 || test ! -s conftest.err
configure:3941: $? = 0
configure:3944: test -s conftest.o
configure:3947: $? = 0
configure:3958: result: yes
configure:3912: checking for memory.h
configure:3928: mpicc -c -g -O2  conftest.c >&5
configure:3934: $? = 0
configure:3938: test -z 
			 || test ! -s conftest.err
configure:3941: $? = 0
configure:3944: test -s conftest.o
configure:3947: $? = 0
configure:3958: result: yes
configure:3912: checking for strings.h
configure:3928: mpicc -c -g -O2  conftest.c >&5
configure:3934: $? = 0
configure:3938: test -z 
			 || test ! -s conftest.err
configure:3941: $? = 0
configure:3944: test -s conftest.o
configure:3947: $? = 0
configure:3958: result: yes
configure:3912: checking for inttypes.h
configure:3928: mpicc -c -g -O2  conftest.c >&5
configure:3934: $? = 0
configure:3938: test -z 
			 || test ! -s conftest.err
configure:3941: $? = 0
configure:3944: test -s conftest.o
configure:3947: $? = 0
configure:3958: result: yes
configure:3912: checking for stdint.h
configure:3928: mpicc -c -g -O2  conftest.c >&5
configure:3934: $? = 0
configure:3938: test -z 
			 || test ! -s conftest.err
configure:3941: $? = 0
configure:3944: test -s conftest.o
configure:3947: $? = 0
configure:3958: result: yes
configure:3912: checking for unistd.h
configure:3928: mpicc -c -g -O2  conftest.c >&5
configure:3934: $? = 0
configure:3938: test -z 
			 || test ! -s conftest.err
configure:3941: $? = 0
configure:3944: test -s conftest.o
configure:3947: $? = 0
configure:3958: result: yes
configure:3988: checking malloc.h usability
configure:4000: mpicc -c -g -O2  conftest.c >&5
configure:4006: $? = 0
configure:4010: test -z 
			 || test ! -s conftest.err
configure:4013: $? = 0
configure:4016: test -s conftest.o
configure:4019: $? = 0
configure:4029: result: yes
configure:4033: checking malloc.h presence
configure:4043: mpicc -E  conftest.c
configure:4049: $? = 0
configure:4069: result: yes
configure:4104: checking for malloc.h
configure:4111: result: yes
configure:3979: checking for stdlib.h
configure:3984: result: yes
configure:3988: checking sys/time.h usability
configure:4000: mpicc -c -g -O2  conftest.c >&5
configure:4006: $? = 0
configure:4010: test -z 
			 || test ! -s conftest.err
configure:4013: $? = 0
configure:4016: test -s conftest.o
configure:4019: $? = 0
configure:4029: result: yes
configure:4033: checking sys/time.h presence
configure:4043: mpicc -E  conftest.c
configure:4049: $? = 0
configure:4069: result: yes
configure:4104: checking for sys/time.h
configure:4111: result: yes
configure:3979: checking for unistd.h
configure:3984: result: yes
configure:3988: checking complex.h usability
configure:4000: mpicc -c -g -O2  conftest.c >&5
configure:4006: $? = 0
configure:4010: test -z 
			 || test ! -s conftest.err
configure:4013: $? = 0
configure:4016: test -s conftest.o
configure:4019: $? = 0
configure:4029: result: yes
configure:4033: checking complex.h presence
configure:4043: mpicc -E  conftest.c
configure:4049: $? = 0
configure:4069: result: yes
configure:4104: checking for complex.h
configure:4111: result: yes
configure:4136: checking for x86 cpuid instruction
configure:4162: mpicc -c -g -O2  conftest.c >&5
configure:4168: $? = 0
configure:4172: test -z 
			 || test ! -s conftest.err
configure:4175: $? = 0
configure:4178: test -s conftest.o
configure:4181: $? = 0
configure:4183: result: yes
configure:4243: checking ia32intrin.h usability
configure:4255: mpicc -c -g -O2  conftest.c >&5
In file included from conftest.c:62:0:
/usr/lib/gcc/x86_64-linux-gnu/7/include/ia32intrin.h:25:3: error: #error "Never use <ia32intrin.h> directly; include <x86intrin.h> instead."
 # error "Never use <ia32intrin.h> directly; include <x86intrin.h> instead."
   ^~~~~
configure:4261: $? = 1
configure: failed program was:
| /* confdefs.h.  */
| 
| #define PACKAGE_NAME "fftss"
| #define PACKAGE_TARNAME "fftss"
| #define PACKAGE_VERSION "3.0"
| #define PACKAGE_STRING "fftss 3.0"
| #define PACKAGE_BUGREPORT ""
| #define PACKAGE "fftss"
| #define VERSION "3.0"
| #define HAVE_LIBM 1
| #define STDC_HEADERS 1
| #define HAVE_SYS_TYPES_H 1
| #define HAVE_SYS_STAT_H 1
| #define HAVE_STDLIB_H 1
| #define HAVE_STRING_H 1
| #define HAVE_MEMORY_H 1
| #define HAVE_STRINGS_H 1
| #define HAVE_INTTYPES_H 1
| #define HAVE_STDINT_H 1
| #define HAVE_UNISTD_H 1
| #define HAVE_MALLOC_H 1
| #define HAVE_STDLIB_H 1
| #define HAVE_SYS_TIME_H 1
| #define HAVE_UNISTD_H 1
| #define HAVE_COMPLEX_H 1
| #define HAVE_X86_CPUID 1
| /* end confdefs.h.  */
| #include <stdio.h>
| #if HAVE_SYS_TYPES_H
| # include <sys/types.h>
| #endif
| #if HAVE_SYS_STAT_H
| # include <sys/stat.h>
| #endif
| #if STDC_HEADERS
| # include <stdlib.h>
| # include <stddef.h>
| #else
| # if HAVE_STDLIB_H
| #  include <stdlib.h>
| # endif
| #endif
| #if HAVE_STRING_H
| # if !STDC_HEADERS && HAVE_MEMORY_H
| #  include <memory.h>
| # endif
| # include <string.h>
| #endif
| #if HAVE_STRINGS_H
| # include <strings.h>
| #endif
| #if HAVE_INTTYPES_H
| # include <inttypes.h>
| #else
| # if HAVE_STDINT_H
| #  include <stdint.h>
| # endif
| #endif
| #if HAVE_UNISTD_H
| # include <unistd.h>
| #endif
| #include <ia32intrin.h>
configure:4284: result: no
configure:4288: checking ia32intrin.h presence
configure:4298: mpicc -E  conftest.c
In file included from conftest.c:28:0:
/usr/lib/gcc/x86_64-linux-gnu/7/include/ia32intrin.h:25:3: error: #error "Never use <ia32intrin.h> directly; include <x86intrin.h> instead."
 # error "Never use <ia32intrin.h> directly; include <x86intrin.h> instead."
   ^~~~~
configure:4304: $? = 1
configure: failed program was:
| /* confdefs.h.  */
| 
| #define PACKAGE_NAME "fftss"
| #define PACKAGE_TARNAME "fftss"
| #define PACKAGE_VERSION "3.0"
| #define PACKAGE_STRING "fftss 3.0"
| #define PACKAGE_BUGREPORT ""
| #define PACKAGE "fftss"
| #define VERSION "3.0"
| #define HAVE_LIBM 1
| #define STDC_HEADERS 1
| #define HAVE_SYS_TYPES_H 1
| #define HAVE_SYS_STAT_H 1
| #define HAVE_STDLIB_H 1
| #define HAVE_STRING_H 1
| #define HAVE_MEMORY_H 1
| #define HAVE_STRINGS_H 1
| #define HAVE_INTTYPES_H 1
| #define HAVE_STDINT_H 1
| #define HAVE_UNISTD_H 1
| #define HAVE_MALLOC_H 1
| #define HAVE_STDLIB_H 1
| #define HAVE_SYS_TIME_H 1
| #define HAVE_UNISTD_H 1
| #define HAVE_COMPLEX_H 1
| #define HAVE_X86_CPUID 1
| /* end confdefs.h.  */
| #include <ia32intrin.h>
configure:4324: result: no
configure:4359: checking for ia32intrin.h
configure:4366: result: no
configure:4711: checking emmintrin.h usability
configure:4723: mpicc -c -g -O2  conftest.c >&5
configure:4729: $? = 0
configure:4733: test -z 
			 || test ! -s conftest.err
configure:4736: $? = 0
configure:4739: test -s conftest.o
configure:4742: $? = 0
configure:4752: result: yes
configure:4756: checking emmintrin.h presence
configure:4766: mpicc -E  conftest.c
configure:4772: $? = 0
configure:4792: result: yes
configure:4827: checking for emmintrin.h
configure:4834: result: yes
configure:4847: checking for SSE2
configure:4874: mpicc -c -g -O2  conftest.c >&5
configure:4880: $? = 0
configure:4884: test -z 
			 || test ! -s conftest.err
configure:4887: $? = 0
configure:4890: test -s conftest.o
configure:4893: $? = 0
configure:4895: result: yes
configure:4942: checking pmmintrin.h usability
configure:4954: mpicc -c -g -O2  conftest.c >&5
configure:4960: $? = 0
configure:4964: test -z 
			 || test ! -s conftest.err
configure:4967: $? = 0
configure:4970: test -s conftest.o
configure:4973: $? = 0
configure:4983: result: yes
configure:4987: checking pmmintrin.h presence
configure:4997: mpicc -E  conftest.c
configure:5003: $? = 0
configure:5023: result: yes
configure:5058: checking for pmmintrin.h
configure:5065: result: yes
configure:5078: checking for SSE3
configure:5105: mpicc -c -g -O2  conftest.c >&5
In file included from conftest.c:33:0:
conftest.c: In function 'main':
/usr/lib/gcc/x86_64-linux-gnu/7/include/pmmintrin.h:80:1: error: inlining failed in call to always_inline '_mm_addsub_pd': target specific option mismatch
 _mm_addsub_pd (__m128d __X, __m128d __Y)
 ^~~~~~~~~~~~~
conftest.c:41:6: note: called from here
    a = _mm_addsub_pd(a, b);
    ~~^~~~~~~~~~~~~~~~~~~~~
In file included from conftest.c:33:0:
/usr/lib/gcc/x86_64-linux-gnu/7/include/pmmintrin.h:80:1: error: inlining failed in call to always_inline '_mm_addsub_pd': target specific option mismatch
 _mm_addsub_pd (__m128d __X, __m128d __Y)
 ^~~~~~~~~~~~~
conftest.c:41:6: note: called from here
    a = _mm_addsub_pd(a, b);
    ~~^~~~~~~~~~~~~~~~~~~~~
configure:5111: $? = 1
configure: failed program was:
| /* confdefs.h.  */
| 
| #define PACKAGE_NAME "fftss"
| #define PACKAGE_TARNAME "fftss"
| #define PACKAGE_VERSION "3.0"
| #define PACKAGE_STRING "fftss 3.0"
| #define PACKAGE_BUGREPORT ""
| #define PACKAGE "fftss"
| #define VERSION "3.0"
| #define HAVE_LIBM 1
| #define STDC_HEADERS 1
| #define HAVE_SYS_TYPES_H 1
| #define HAVE_SYS_STAT_H 1
| #define HAVE_STDLIB_H 1
| #define HAVE_STRING_H 1
| #define HAVE_MEMORY_H 1
| #define HAVE_STRINGS_H 1
| #define HAVE_INTTYPES_H 1
| #define HAVE_STDINT_H 1
| #define HAVE_UNISTD_H 1
| #define HAVE_MALLOC_H 1
| #define HAVE_STDLIB_H 1
| #define HAVE_SYS_TIME_H 1
| #define HAVE_UNISTD_H 1
| #define HAVE_COMPLEX_H 1
| #define HAVE_X86_CPUID 1
| #define HAVE_EMMINTRIN_H 1
| #define USE_SSE2 1
| #define HAVE_PMMINTRIN_H 1
| /* end confdefs.h.  */
| 
| 			#include <stdio.h>
| 			#include <pmmintrin.h>
| int
| main ()
| {
| __m128d a, b;
| 			double v[2];
| 			a = _mm_set_pd(1.0,2.0);
| 			b = _mm_set_pd(3.0,4.0);
| 			a = _mm_addsub_pd(a, b);
| 			_mm_storeu_pd(v, a);
| 			if (v[0] != -2.0 && v[1] != -2.0) exit(1);
| 			exit(0);
|   ;
|   return 0;
| }
configure:5132: result: no
configure:5227: checking for a sed that does not truncate output
configure:5281: result: /bin/sed
configure:5295: checking for ld used by mpicc
configure:5362: result: /usr/bin/ld
configure:5371: checking if the linker (/usr/bin/ld) is GNU ld
configure:5386: result: yes
configure:5391: checking for /usr/bin/ld option to reload object files
configure:5398: result: -r
configure:5407: checking for BSD-compatible nm
configure:5449: result: /usr/bin/nm -B
configure:5453: checking whether ln -s works
configure:5457: result: yes
configure:5464: checking how to recognise dependent libraries
configure:5647: result: pass_all
configure:5731: mpicc -c -g -O2  conftest.c >&5
configure:5734: $? = 0
configure:5869: checking dlfcn.h usability
configure:5881: mpicc -c -g -O2  conftest.c >&5
configure:5887: $? = 0
configure:5891: test -z 
			 || test ! -s conftest.err
configure:5894: $? = 0
configure:5897: test -s conftest.o
configure:5900: $? = 0
configure:5910: result: yes
configure:5914: checking dlfcn.h presence
configure:5924: mpicc -E  conftest.c
configure:5930: $? = 0
configure:5950: result: yes
configure:5985: checking for dlfcn.h
configure:5992: result: yes
configure:6057: checking for g++
configure:6073: found /usr/bin/g++
configure:6083: result: g++
configure:6099: checking for C++ compiler version
configure:6102: g++ --version </dev/null >&5
g++ (Ubuntu 7.4.0-1ubuntu1~18.04.1) 7.4.0
Copyright (C) 2017 Free Software Foundation, Inc.
This is free software; see the source for copying conditions.  There is NO
warranty; not even for MERCHANTABILITY or FITNESS FOR A PARTICULAR PURPOSE.

configure:6105: $? = 0
configure:6107: g++ -v </dev/null >&5
Using built-in specs.
COLLECT_GCC=g++
COLLECT_LTO_WRAPPER=/usr/lib/gcc/x86_64-linux-gnu/7/lto-wrapper
OFFLOAD_TARGET_NAMES=nvptx-none
OFFLOAD_TARGET_DEFAULT=1
Target: x86_64-linux-gnu
Configured with: ../src/configure -v --with-pkgversion='Ubuntu 7.4.0-1ubuntu1~18.04.1' --with-bugurl=file:///usr/share/doc/gcc-7/README.Bugs --enable-languages=c,ada,c++,go,brig,d,fortran,objc,obj-c++ --prefix=/usr --with-gcc-major-version-only --program-suffix=-7 --program-prefix=x86_64-linux-gnu- --enable-shared --enable-linker-build-id --libexecdir=/usr/lib --without-included-gettext --enable-threads=posix --libdir=/usr/lib --enable-nls --with-sysroot=/ --enable-clocale=gnu --enable-libstdcxx-debug --enable-libstdcxx-time=yes --with-default-libstdcxx-abi=new --enable-gnu-unique-object --disable-vtable-verify --enable-libmpx --enable-plugin --enable-default-pie --with-system-zlib --with-target-system-zlib --enable-objc-gc=auto --enable-multiarch --disable-werror --with-arch-32=i686 --with-abi=m64 --with-multilib-list=m32,m64,mx32 --enable-multilib --with-tune=generic --enable-offload-targets=nvptx-none --without-cuda-driver --enable-checking=release --build=x86_64-linux-gnu --host=x86_64-linux-gnu --target=x86_64-linux-gnu
Thread model: posix
gcc version 7.4.0 (Ubuntu 7.4.0-1ubuntu1~18.04.1) 
configure:6110: $? = 0
configure:6112: g++ -V </dev/null >&5
g++: error: unrecognized command line option '-V'
g++: fatal error: no input files
compilation terminated.
configure:6115: $? = 1
configure:6118: checking whether we are using the GNU C++ compiler
configure:6142: g++ -c   conftest.cc >&5
configure:6148: $? = 0
configure:6152: test -z 
			 || test ! -s conftest.err
configure:6155: $? = 0
configure:6158: test -s conftest.o
configure:6161: $? = 0
configure:6174: result: yes
configure:6180: checking whether g++ accepts -g
configure:6201: g++ -c -g  conftest.cc >&5
configure:6207: $? = 0
configure:6211: test -z 
			 || test ! -s conftest.err
configure:6214: $? = 0
configure:6217: test -s conftest.o
configure:6220: $? = 0
configure:6231: result: yes
configure:6273: g++ -c -g -O2  conftest.cc >&5
configure:6279: $? = 0
configure:6283: test -z 
			 || test ! -s conftest.err
configure:6286: $? = 0
configure:6289: test -s conftest.o
configure:6292: $? = 0
configure:6318: g++ -c -g -O2  conftest.cc >&5
conftest.cc: In function 'int main()':
conftest.cc:36:1: error: 'exit' was not declared in this scope
 exit (42);
 ^~~~
configure:6324: $? = 1
configure: failed program was:
| /* confdefs.h.  */
| 
| #define PACKAGE_NAME "fftss"
| #define PACKAGE_TARNAME "fftss"
| #define PACKAGE_VERSION "3.0"
| #define PACKAGE_STRING "fftss 3.0"
| #define PACKAGE_BUGREPORT ""
| #define PACKAGE "fftss"
| #define VERSION "3.0"
| #define HAVE_LIBM 1
| #define STDC_HEADERS 1
| #define HAVE_SYS_TYPES_H 1
| #define HAVE_SYS_STAT_H 1
| #define HAVE_STDLIB_H 1
| #define HAVE_STRING_H 1
| #define HAVE_MEMORY_H 1
| #define HAVE_STRINGS_H 1
| #define HAVE_INTTYPES_H 1
| #define HAVE_STDINT_H 1
| #define HAVE_UNISTD_H 1
| #define HAVE_MALLOC_H 1
| #define HAVE_STDLIB_H 1
| #define HAVE_SYS_TIME_H 1
| #define HAVE_UNISTD_H 1
| #define HAVE_COMPLEX_H 1
| #define HAVE_X86_CPUID 1
| #define HAVE_EMMINTRIN_H 1
| #define USE_SSE2 1
| #define HAVE_PMMINTRIN_H 1
| #define HAVE_DLFCN_H 1
| /* end confdefs.h.  */
| 
| int
| main ()
| {
| exit (42);
|   ;
|   return 0;
| }
configure:6273: g++ -c -g -O2  conftest.cc >&5
configure:6279: $? = 0
configure:6283: test -z 
			 || test ! -s conftest.err
configure:6286: $? = 0
configure:6289: test -s conftest.o
configure:6292: $? = 0
configure:6318: g++ -c -g -O2  conftest.cc >&5
configure:6324: $? = 0
configure:6328: test -z 
			 || test ! -s conftest.err
configure:6331: $? = 0
configure:6334: test -s conftest.o
configure:6337: $? = 0
configure:6362: checking dependency style of g++
configure:6452: result: gcc3
configure:6474: checking how to run the C++ preprocessor
configure:6505: g++ -E  conftest.cc
configure:6511: $? = 0
configure:6543: g++ -E  conftest.cc
conftest.cc:35:10: fatal error: ac_nonexistent.h: No such file or directory
 #include <ac_nonexistent.h>
          ^~~~~~~~~~~~~~~~~~
compilation terminated.
configure:6549: $? = 1
configure: failed program was:
| /* confdefs.h.  */
| 
| #define PACKAGE_NAME "fftss"
| #define PACKAGE_TARNAME "fftss"
| #define PACKAGE_VERSION "3.0"
| #define PACKAGE_STRING "fftss 3.0"
| #define PACKAGE_BUGREPORT ""
| #define PACKAGE "fftss"
| #define VERSION "3.0"
| #define HAVE_LIBM 1
| #define STDC_HEADERS 1
| #define HAVE_SYS_TYPES_H 1
| #define HAVE_SYS_STAT_H 1
| #define HAVE_STDLIB_H 1
| #define HAVE_STRING_H 1
| #define HAVE_MEMORY_H 1
| #define HAVE_STRINGS_H 1
| #define HAVE_INTTYPES_H 1
| #define HAVE_STDINT_H 1
| #define HAVE_UNISTD_H 1
| #define HAVE_MALLOC_H 1
| #define HAVE_STDLIB_H 1
| #define HAVE_SYS_TIME_H 1
| #define HAVE_UNISTD_H 1
| #define HAVE_COMPLEX_H 1
| #define HAVE_X86_CPUID 1
| #define HAVE_EMMINTRIN_H 1
| #define USE_SSE2 1
| #define HAVE_PMMINTRIN_H 1
| #define HAVE_DLFCN_H 1
| #ifdef __cplusplus
| extern "C" void std::exit (int) throw (); using std::exit;
| #endif
| /* end confdefs.h.  */
| #include <ac_nonexistent.h>
configure:6588: result: g++ -E
configure:6612: g++ -E  conftest.cc
configure:6618: $? = 0
configure:6650: g++ -E  conftest.cc
conftest.cc:35:10: fatal error: ac_nonexistent.h: No such file or directory
 #include <ac_nonexistent.h>
          ^~~~~~~~~~~~~~~~~~
compilation terminated.
configure:6656: $? = 1
configure: failed program was:
| /* confdefs.h.  */
| 
| #define PACKAGE_NAME "fftss"
| #define PACKAGE_TARNAME "fftss"
| #define PACKAGE_VERSION "3.0"
| #define PACKAGE_STRING "fftss 3.0"
| #define PACKAGE_BUGREPORT ""
| #define PACKAGE "fftss"
| #define VERSION "3.0"
| #define HAVE_LIBM 1
| #define STDC_HEADERS 1
| #define HAVE_SYS_TYPES_H 1
| #define HAVE_SYS_STAT_H 1
| #define HAVE_STDLIB_H 1
| #define HAVE_STRING_H 1
| #define HAVE_MEMORY_H 1
| #define HAVE_STRINGS_H 1
| #define HAVE_INTTYPES_H 1
| #define HAVE_STDINT_H 1
| #define HAVE_UNISTD_H 1
| #define HAVE_MALLOC_H 1
| #define HAVE_STDLIB_H 1
| #define HAVE_SYS_TIME_H 1
| #define HAVE_UNISTD_H 1
| #define HAVE_COMPLEX_H 1
| #define HAVE_X86_CPUID 1
| #define HAVE_EMMINTRIN_H 1
| #define USE_SSE2 1
| #define HAVE_PMMINTRIN_H 1
| #define HAVE_DLFCN_H 1
| #ifdef __cplusplus
| extern "C" void std::exit (int) throw (); using std::exit;
| #endif
| /* end confdefs.h.  */
| #include <ac_nonexistent.h>
configure:6751: checking for g77
configure:6780: result: no
configure:6751: checking for f77
configure:6767: found /usr/bin/f77
configure:6777: result: f77
configure:6792: checking for Fortran 77 compiler version
configure:6795: f77 --version </dev/null >&5
GNU Fortran (Ubuntu 7.4.0-1ubuntu1~18.04.1) 7.4.0
Copyright (C) 2017 Free Software Foundation, Inc.
This is free software; see the source for copying conditions.  There is NO
warranty; not even for MERCHANTABILITY or FITNESS FOR A PARTICULAR PURPOSE.

configure:6798: $? = 0
configure:6800: f77 -v </dev/null >&5
Using built-in specs.
COLLECT_GCC=f77
COLLECT_LTO_WRAPPER=/usr/lib/gcc/x86_64-linux-gnu/7/lto-wrapper
OFFLOAD_TARGET_NAMES=nvptx-none
OFFLOAD_TARGET_DEFAULT=1
Target: x86_64-linux-gnu
Configured with: ../src/configure -v --with-pkgversion='Ubuntu 7.4.0-1ubuntu1~18.04.1' --with-bugurl=file:///usr/share/doc/gcc-7/README.Bugs --enable-languages=c,ada,c++,go,brig,d,fortran,objc,obj-c++ --prefix=/usr --with-gcc-major-version-only --program-suffix=-7 --program-prefix=x86_64-linux-gnu- --enable-shared --enable-linker-build-id --libexecdir=/usr/lib --without-included-gettext --enable-threads=posix --libdir=/usr/lib --enable-nls --with-sysroot=/ --enable-clocale=gnu --enable-libstdcxx-debug --enable-libstdcxx-time=yes --with-default-libstdcxx-abi=new --enable-gnu-unique-object --disable-vtable-verify --enable-libmpx --enable-plugin --enable-default-pie --with-system-zlib --with-target-system-zlib --enable-objc-gc=auto --enable-multiarch --disable-werror --with-arch-32=i686 --with-abi=m64 --with-multilib-list=m32,m64,mx32 --enable-multilib --with-tune=generic --enable-offload-targets=nvptx-none --without-cuda-driver --enable-checking=release --build=x86_64-linux-gnu --host=x86_64-linux-gnu --target=x86_64-linux-gnu
Thread model: posix
gcc version 7.4.0 (Ubuntu 7.4.0-1ubuntu1~18.04.1) 
configure:6803: $? = 0
configure:6805: f77 -V </dev/null >&5
f77: error: unrecognized command line option '-V'
f77: fatal error: no input files
compilation terminated.
configure:6808: $? = 1
configure:6816: checking whether we are using the GNU Fortran 77 compiler
configure:6830: f77 -c  conftest.F >&5
configure:6836: $? = 0
configure:6840: test -z 
			 || test ! -s conftest.err
configure:6843: $? = 0
configure:6846: test -s conftest.o
configure:6849: $? = 0
configure:6862: result: yes
configure:6868: checking whether f77 accepts -g
configure:6880: f77 -c -g conftest.f >&5
configure:6886: $? = 0
configure:6890: test -z 
			 || test ! -s conftest.err
configure:6893: $? = 0
configure:6896: test -s conftest.o
configure:6899: $? = 0
configure:6911: result: yes
configure:6941: checking the maximum length of command line arguments
configure:7006: result: 32768
configure:7017: checking command to parse /usr/bin/nm -B output from mpicc object
configure:7106: mpicc -c -g -O2  conftest.c >&5
configure:7109: $? = 0
configure:7113: /usr/bin/nm -B conftest.o \| sed -n -e 's/^.*[ 	]\([ABCDGIRSTW][ABCDGIRSTW]*\)[ 	][ 	]*\(\)\([_A-Za-z][_A-Za-z0-9]*\)$/\1 \2\3 \3/p' \> conftest.nm
configure:7116: $? = 0
configure:7168: mpicc -o conftest -g -O2   conftest.c conftstm.o >&5
configure:7171: $? = 0
configure:7209: result: ok
configure:7213: checking for objdir
configure:7228: result: .libs
configure:7318: checking for ar
configure:7334: found /usr/bin/ar
configure:7345: result: ar
configure:7398: checking for ranlib
configure:7414: found /usr/bin/ranlib
configure:7425: result: ranlib
configure:7478: checking for strip
configure:7494: found /usr/bin/strip
configure:7505: result: strip
configure:7767: checking if mpicc static flag  works
configure:7790: result: yes
configure:7808: checking if mpicc supports -fno-rtti -fno-exceptions
configure:7826: mpicc -c -g -O2  -fno-rtti -fno-exceptions conftest.c >&5
cc1: warning: command line option '-fno-rtti' is valid for C++/ObjC++ but not for C
configure:7830: $? = 0
configure:7841: result: no
configure:7856: checking for mpicc option to produce PIC
configure:8033: result: -fPIC
configure:8041: checking if mpicc PIC flag -fPIC works
configure:8059: mpicc -c -g -O2  -fPIC -DPIC conftest.c >&5
configure:8063: $? = 0
configure:8074: result: yes
configure:8098: checking if mpicc supports -c -o file.o
configure:8119: mpicc -c -g -O2  -o out/conftest2.o conftest.c >&5
configure:8123: $? = 0
configure:8143: result: yes
configure:8169: checking whether the mpicc linker (/usr/bin/ld -m elf_x86_64) supports shared libraries
configure:9017: result: yes
configure:9088: checking dynamic linker characteristics
configure:9454: mpicc -c -g -O2  conftest.c >&5
configure:9457: $? = 0
configure:9649: result: GNU/Linux ld.so
configure:9653: checking how to hardcode library paths into programs
configure:9678: result: immediate
configure:9692: checking whether stripping libraries is possible
configure:9697: result: yes
configure:10527: checking if libtool supports shared libraries
configure:10529: result: yes
configure:10532: checking whether to build shared libraries
configure:10590: result: 
configure:10593: checking whether to build static libraries
configure:10597: result: yes
configure:10689: creating libtool
configure:11236: checking for ld used by g++
configure:11303: result: /usr/bin/ld -m elf_x86_64
configure:11312: checking if the linker (/usr/bin/ld -m elf_x86_64) is GNU ld
configure:11327: result: yes
configure:11378: checking whether the g++ linker (/usr/bin/ld -m elf_x86_64) supports shared libraries
configure:12206: result: yes
configure:12224: g++ -c -g -O2  conftest.cc >&5
configure:12227: $? = 0
configure:12323: checking for g++ option to produce PIC
configure:12575: result: -fPIC
configure:12583: checking if g++ PIC flag -fPIC works
configure:12601: g++ -c -g -O2  -fPIC -DPIC conftest.cc >&5
configure:12605: $? = 0
configure:12616: result: yes
configure:12640: checking if g++ supports -c -o file.o
configure:12661: g++ -c -g -O2  -o out/conftest2.o conftest.cc >&5
configure:12665: $? = 0
configure:12685: result: yes
configure:12711: checking whether the g++ linker (/usr/bin/ld -m elf_x86_64) supports shared libraries
configure:12736: result: yes
configure:12807: checking dynamic linker characteristics
configure:13173: g++ -c -g -O2  conftest.cc >&5
configure:13176: $? = 0
configure:13368: result: GNU/Linux ld.so
configure:13372: checking how to hardcode library paths into programs
configure:13397: result: immediate
configure:13411: checking whether stripping libraries is possible
configure:13416: result: yes
configure:14723: checking if libtool supports shared libraries
configure:14725: result: yes
configure:14728: checking whether to build shared libraries
configure:14746: result: 
configure:14749: checking whether to build static libraries
configure:14753: result: yes
configure:14765: checking for f77 option to produce PIC
configure:14942: result: -fPIC
configure:14950: checking if f77 PIC flag -fPIC works
configure:14968: f77 -c -g -O2 -fPIC conftest.f >&5
configure:14972: $? = 0
configure:14983: result: yes
configure:15007: checking if f77 supports -c -o file.o
configure:15028: f77 -c -g -O2 -o out/conftest2.o conftest.f >&5
configure:15032: $? = 0
configure:15052: result: yes
configure:15078: checking whether the f77 linker (/usr/bin/ld -m elf_x86_64) supports shared libraries
configure:15906: result: yes
configure:15977: checking dynamic linker characteristics
configure:16343: f77 -c -g -O2 conftest.f >&5
conftest.f:1:2:

 #line 16342 "configure"
  1
Warning: Illegal preprocessor directive
configure:16346: $? = 0
configure:16538: result: GNU/Linux ld.so
configure:16542: checking how to hardcode library paths into programs
configure:16567: result: immediate
configure:16581: checking whether stripping libraries is possible
configure:16586: result: yes
configure:20755: checking for an ANSI C-conforming const
configure:20822: mpicc -c -g -O2  conftest.c >&5
configure:20828: $? = 0
configure:20832: test -z 
			 || test ! -s conftest.err
configure:20835: $? = 0
configure:20838: test -s conftest.o
configure:20841: $? = 0
configure:20852: result: yes
configure:20862: checking for C/C++ restrict keyword
configure:20880: mpicc -c -g -O2  conftest.c >&5
configure:20886: $? = 0
configure:20890: test -z 
			 || test ! -s conftest.err
configure:20893: $? = 0
configure:20896: test -s conftest.o
configure:20899: $? = 0
configure:20911: result: restrict
configure:20926: checking for inline
configure:20947: mpicc -c -g -O2  conftest.c >&5
configure:20953: $? = 0
configure:20957: test -z 
			 || test ! -s conftest.err
configure:20960: $? = 0
configure:20963: test -s conftest.o
configure:20966: $? = 0
configure:20978: result: inline
configure:20997: checking whether time.h and sys/time.h may both be included
configure:21022: mpicc -c -g -O2  conftest.c >&5
configure:21028: $? = 0
configure:21032: test -z 
			 || test ! -s conftest.err
configure:21035: $? = 0
configure:21038: test -s conftest.o
configure:21041: $? = 0
configure:21052: result: yes
configure:21072: checking for gettimeofday
configure:21129: mpicc -o conftest -g -O2   conftest.c -lm  >&5
configure:21135: $? = 0
configure:21139: test -z 
			 || test ! -s conftest.err
configure:21142: $? = 0
configure:21145: test -s conftest
configure:21148: $? = 0
configure:21160: result: yes
configure:21072: checking for memalign
configure:21129: mpicc -o conftest -g -O2   conftest.c -lm  >&5
configure:21135: $? = 0
configure:21139: test -z 
			 || test ! -s conftest.err
configure:21142: $? = 0
configure:21145: test -s conftest
configure:21148: $? = 0
configure:21160: result: yes
configure:21072: checking for posix_memalign
configure:21129: mpicc -o conftest -g -O2   conftest.c -lm  >&5
conftest.c:62:6: warning: conflicting types for built-in function 'posix_memalign' [-Wbuiltin-declaration-mismatch]
 char posix_memalign ();
      ^~~~~~~~~~~~~~
configure:21135: $? = 0
configure:21139: test -z 
			 || test ! -s conftest.err
configure:21142: $? = 0
configure:21145: test -s conftest
configure:21148: $? = 0
configure:21160: result: yes
configure:21072: checking for round
configure:21129: mpicc -o conftest -g -O2   conftest.c -lm  >&5
conftest.c:63:6: warning: conflicting types for built-in function 'round' [-Wbuiltin-declaration-mismatch]
 char round ();
      ^~~~~
configure:21135: $? = 0
configure:21139: test -z 
			 || test ! -s conftest.err
configure:21142: $? = 0
configure:21145: test -s conftest
configure:21148: $? = 0
configure:21160: result: yes
configure:21171: checking for complex keywords
configure:21192: mpicc -c -g -O2  conftest.c >&5
configure:21198: $? = 0
configure:21202: test -z 
			 || test ! -s conftest.err
configure:21205: $? = 0
configure:21208: test -s conftest.o
configure:21211: $? = 0
configure:21232: result: yes
configure:21254: checking for __creal() and __cimag()
configure:21276: mpicc -c -g -O2  conftest.c >&5
configure:21282: $? = 0
configure:21286: test -z 
			 || test ! -s conftest.err
configure:21289: $? = 0
configure:21292: test -s conftest.o
configure:21295: $? = 0
configure:21311: result: yes
configure:21400: mpicc -o conftest -g -O2    conftest.c -lm  >&5
configure:21406: $? = 0
configure:21410: test -z 
			 || test ! -s conftest.err
configure:21413: $? = 0
configure:21416: test -s conftest
configure:21419: $? = 0
configure:21454: mpicc -o conftest -g -O2     conftest.c -lm  >&5
configure:21460: $? = 0
configure:21464: test -z 
			 || test ! -s conftest.err
configure:21467: $? = 0
configure:21470: test -s conftest
configure:21473: $? = 0
configure:21681: creating ./config.status

## ---------------------- ##
## Running config.status. ##
## ---------------------- ##

This file was extended by fftss config.status 3.0, which was
generated by GNU Autoconf 2.59.  Invocation command line was

  CONFIG_FILES    = 
  CONFIG_HEADERS  = 
  CONFIG_LINKS    = 
  CONFIG_COMMANDS = 
  $ ./config.status 

on DESKTOP-KRIGB23

config.status:741: creating Makefile
config.status:741: creating include/Makefile
config.status:741: creating libfftss/Makefile
config.status:741: creating libpfftss/Makefile
config.status:741: creating test/Makefile
config.status:741: creating win32/Makefile
config.status:845: creating include/config.h
config.status:1169: executing depfiles commands

## ---------------- ##
## Cache variables. ##
## ---------------- ##

ac_cv_build=x86_64-unknown-linux-gnu
ac_cv_build_alias=x86_64-unknown-linux-gnu
ac_cv_c_compiler_gnu=yes
ac_cv_c_const=yes
ac_cv_c_inline=inline
ac_cv_c_restrict=restrict
ac_cv_cxx_compiler_gnu=yes
ac_cv_env_CCASFLAGS_set=
ac_cv_env_CCASFLAGS_value=
ac_cv_env_CCAS_set=
ac_cv_env_CCAS_value=
ac_cv_env_CC_set=set
ac_cv_env_CC_value=mpicc
ac_cv_env_CFLAGS_set=
ac_cv_env_CFLAGS_value=
ac_cv_env_CPPFLAGS_set=
ac_cv_env_CPPFLAGS_value=
ac_cv_env_CPP_set=
ac_cv_env_CPP_value=
ac_cv_env_CXXCPP_set=
ac_cv_env_CXXCPP_value=
ac_cv_env_CXXFLAGS_set=
ac_cv_env_CXXFLAGS_value=
ac_cv_env_CXX_set=
ac_cv_env_CXX_value=
ac_cv_env_F77_set=
ac_cv_env_F77_value=
ac_cv_env_FFLAGS_set=
ac_cv_env_FFLAGS_value=
ac_cv_env_LDFLAGS_set=
ac_cv_env_LDFLAGS_value=
ac_cv_env_build_alias_set=
ac_cv_env_build_alias_value=
ac_cv_env_host_alias_set=
ac_cv_env_host_alias_value=
ac_cv_env_target_alias_set=
ac_cv_env_target_alias_value=
ac_cv_exeext=
ac_cv_f77_compiler_gnu=yes
ac_cv_func_gettimeofday=yes
ac_cv_func_memalign=yes
ac_cv_func_posix_memalign=yes
ac_cv_func_round=yes
ac_cv_header_complex_h=yes
ac_cv_header_dlfcn_h=yes
ac_cv_header_emmintrin_h=yes
ac_cv_header_ia32intrin_h=no
ac_cv_header_inttypes_h=yes
ac_cv_header_malloc_h=yes
ac_cv_header_memory_h=yes
ac_cv_header_pmmintrin_h=yes
ac_cv_header_stdc=yes
ac_cv_header_stdint_h=yes
ac_cv_header_stdlib_h=yes
ac_cv_header_string_h=yes
ac_cv_header_strings_h=yes
ac_cv_header_sys_stat_h=yes
ac_cv_header_sys_time_h=yes
ac_cv_header_sys_types_h=yes
ac_cv_header_time=yes
ac_cv_header_unistd_h=yes
ac_cv_host=x86_64-unknown-linux-gnu
ac_cv_host_alias=x86_64-unknown-linux-gnu
ac_cv_lib_m_cos=yes
ac_cv_objext=o
ac_cv_path_install='/usr/bin/install -c'
ac_cv_prog_AWK=gawk
ac_cv_prog_CPP='mpicc -E'
ac_cv_prog_CXXCPP='g++ -E'
ac_cv_prog_ac_ct_AR=ar
ac_cv_prog_ac_ct_CC=mpicc
ac_cv_prog_ac_ct_CXX=g++
ac_cv_prog_ac_ct_F77=f77
ac_cv_prog_ac_ct_RANLIB=ranlib
ac_cv_prog_ac_ct_STRIP=strip
ac_cv_prog_cc_g=yes
ac_cv_prog_cc_stdc=
ac_cv_prog_cxx_g=yes
ac_cv_prog_egrep='grep -E'
ac_cv_prog_f77_g=yes
ac_cv_prog_make_make_set=yes
am_cv_CC_dependencies_compiler_type=gcc3
am_cv_CXX_dependencies_compiler_type=gcc3
lt_cv_deplibs_check_method=pass_all
lt_cv_file_magic_cmd='$MAGIC_CMD'
lt_cv_file_magic_test_file='/lib/libc.so* /lib/libc-*.so'
lt_cv_ld_reload_flag=-r
lt_cv_objdir=.libs
lt_cv_path_LD=/usr/bin/ld
lt_cv_path_LDCXX='/usr/bin/ld -m elf_x86_64'
lt_cv_path_NM='/usr/bin/nm -B'
lt_cv_path_SED=/bin/sed
lt_cv_prog_compiler_c_o=yes
lt_cv_prog_compiler_c_o_CXX=yes
lt_cv_prog_compiler_c_o_F77=yes
lt_cv_prog_compiler_rtti_exceptions=no
lt_cv_prog_gnu_ld=yes
lt_cv_prog_gnu_ldcxx=yes
lt_cv_sys_global_symbol_pipe='sed -n -e '\''s/^.*[ 	]\([ABCDGIRSTW][ABCDGIRSTW]*\)[ 	][ 	]*\(\)\([_A-Za-z][_A-Za-z0-9]*\)$/\1 \2\3 \3/p'\'''
lt_cv_sys_global_symbol_to_c_name_address='sed -n -e '\''s/^: \([^ ]*\) $/  {\"\1\", (lt_ptr) 0},/p'\'' -e '\''s/^[BCDEGRST] \([^ ]*\) \([^ ]*\)$/  {"\2", (lt_ptr) \&\2},/p'\'''
lt_cv_sys_global_symbol_to_cdecl='sed -n -e '\''s/^. .* \(.*\)$/extern int \1;/p'\'''
lt_cv_sys_max_cmd_len=32768
lt_lt_cv_prog_compiler_c_o='"yes"'
lt_lt_cv_prog_compiler_c_o_CXX='"yes"'
lt_lt_cv_prog_compiler_c_o_F77='"yes"'
lt_lt_cv_sys_global_symbol_pipe='"sed -n -e '\''s/^.*[ 	]\\([ABCDGIRSTW][ABCDGIRSTW]*\\)[ 	][ 	]*\\(\\)\\([_A-Za-z][_A-Za-z0-9]*\\)\$/\\1 \\2\\3 \\3/p'\''"'
lt_lt_cv_sys_global_symbol_to_c_name_address='"sed -n -e '\''s/^: \\([^ ]*\\) \$/  {\\\"\\1\\\", (lt_ptr) 0},/p'\'' -e '\''s/^[BCDEGRST] \\([^ ]*\\) \\([^ ]*\\)\$/  {\"\\2\", (lt_ptr) \\&\\2},/p'\''"'
lt_lt_cv_sys_global_symbol_to_cdecl='"sed -n -e '\''s/^. .* \\(.*\\)\$/extern int \\1;/p'\''"'

## ----------------- ##
## Output variables. ##
## ----------------- ##

ACLOCAL='${SHELL} /mnt/c/Users/huyao/Documents/GitHub/data-compression/fftss-3.0-20071031/fftss-3.0-20071031/missing --run aclocal-1.9'
AMDEPBACKSLASH='\'
AMDEP_FALSE='#'
AMDEP_TRUE=''
AMTAR='${SHELL} /mnt/c/Users/huyao/Documents/GitHub/data-compression/fftss-3.0-20071031/fftss-3.0-20071031/missing --run tar'
AR='ar'
ASM_BG_FALSE=''
ASM_BG_TRUE='#'
ASM_IA64_FALSE=''
ASM_IA64_TRUE='#'
ASM_SPARC_FALSE=''
ASM_SPARC_TRUE='#'
AUTOCONF='${SHELL} /mnt/c/Users/huyao/Documents/GitHub/data-compression/fftss-3.0-20071031/fftss-3.0-20071031/missing --run autoconf'
AUTOHEADER='${SHELL} /mnt/c/Users/huyao/Documents/GitHub/data-compression/fftss-3.0-20071031/fftss-3.0-20071031/missing --run autoheader'
AUTOMAKE='${SHELL} /mnt/c/Users/huyao/Documents/GitHub/data-compression/fftss-3.0-20071031/fftss-3.0-20071031/missing --run automake-1.9'
AWK='gawk'
BG_FALSE=''
BG_TRUE='#'
CC='mpicc'
CCAS='mpicc'
CCASFLAGS='-g -O2'
CCDEPMODE='depmode=gcc3'
CFLAGS='-g -O2'
COMPLEX_FALSE='#'
COMPLEX_TRUE=''
CPP='mpicc -E'
CPPFLAGS=''
CXX='g++'
CXXCPP='g++ -E'
CXXDEPMODE='depmode=gcc3'
CXXFLAGS='-g -O2'
CYGPATH_W='echo'
DEFS='-DHAVE_CONFIG_H'
DEPDIR='.deps'
ECHO='echo'
ECHO_C=''
ECHO_N='-n'
ECHO_T=''
EGREP='grep -E'
EXEEXT=''
F77='f77'
FFLAGS='-g -O2'
ICC=''
INSTALL_DATA='${INSTALL} -m 644'
INSTALL_PROGRAM='${INSTALL}'
INSTALL_SCRIPT='${INSTALL}'
INSTALL_STRIP_PROGRAM='${SHELL} $(install_sh) -c -s'
LDFLAGS='  '
LIBOBJS=''
LIBS='-lm '
LIBTOOL='$(SHELL) $(top_builddir)/libtool'
LN_S='ln -s'
LTLIBOBJS=''
MAINT='#'
MAINTAINER_MODE_FALSE=''
MAINTAINER_MODE_TRUE='#'
MAKEINFO='${SHELL} /mnt/c/Users/huyao/Documents/GitHub/data-compression/fftss-3.0-20071031/fftss-3.0-20071031/missing --run makeinfo'
MPI_FALSE='#'
MPI_TRUE=''
OBJEXT='o'
PACKAGE='fftss'
PACKAGE_BUGREPORT=''
PACKAGE_NAME='fftss'
PACKAGE_STRING='fftss 3.0'
PACKAGE_TARNAME='fftss'
PACKAGE_VERSION='3.0'
PATH_SEPARATOR=':'
RANLIB='ranlib'
SET_MAKE=''
SHELL='/bin/bash'
SSE2_FALSE='#'
SSE2_TRUE=''
SSE3_FALSE=''
SSE3_TRUE='#'
STRIP='strip'
VERSION='3.0'
ac_ct_AR='ar'
ac_ct_CC='mpicc'
ac_ct_CXX='g++'
ac_ct_F77='f77'
ac_ct_RANLIB='ranlib'
ac_ct_STRIP='strip'
am__fastdepCC_FALSE='#'
am__fastdepCC_TRUE=''
am__fastdepCXX_FALSE='#'
am__fastdepCXX_TRUE=''
am__include='include'
am__leading_dot='.'
am__quote=''
am__tar='${AMTAR} chof - "$$tardir"'
am__untar='${AMTAR} xf -'
bindir='${exec_prefix}/bin'
build='x86_64-unknown-linux-gnu'
build_alias=''
build_cpu='x86_64'
build_os='linux-gnu'
build_vendor='unknown'
datadir='${prefix}/share'
exec_prefix='${prefix}'
host='x86_64-unknown-linux-gnu'
host_alias=''
host_cpu='x86_64'
host_os='linux-gnu'
host_vendor='unknown'
includedir='${prefix}/include'
infodir='${prefix}/info'
install_sh='/mnt/c/Users/huyao/Documents/GitHub/data-compression/fftss-3.0-20071031/fftss-3.0-20071031/install-sh'
libdir='${exec_prefix}/lib'
libexecdir='${exec_prefix}/libexec'
localstatedir='${prefix}/var'
mandir='${prefix}/man'
mkdir_p='mkdir -p --'
oldincludedir='/usr/include'
prefix='/usr/local'
program_transform_name='s,x,x,'
sbindir='${exec_prefix}/sbin'
sharedstatedir='${prefix}/com'
sysconfdir='${prefix}/etc'
target_alias=''

## ----------- ##
## confdefs.h. ##
## ----------- ##

#define HAVE_COMPLEX_H 1
#define HAVE_DLFCN_H 1
#define HAVE_EMMINTRIN_H 1
#define HAVE_GETTIMEOFDAY 1
#define HAVE_INTERNAL_CREAL 1
#define HAVE_INTTYPES_H 1
#define HAVE_LIBM 1
#define HAVE_MALLOC_H 1
#define HAVE_MEMALIGN 1
#define HAVE_MEMORY_H 1
#define HAVE_MPI2 1
#define HAVE_PMMINTRIN_H 1
#define HAVE_POSIX_MEMALIGN 1
#define HAVE_ROUND 1
#define HAVE_STDINT_H 1
#define HAVE_STDLIB_H 1
#define HAVE_STDLIB_H 1
#define HAVE_STRINGS_H 1
#define HAVE_STRING_H 1
#define HAVE_SYS_STAT_H 1
#define HAVE_SYS_TIME_H 1
#define HAVE_SYS_TYPES_H 1
#define HAVE_UNISTD_H 1
#define HAVE_UNISTD_H 1
#define HAVE_X86_CPUID 1
#define PACKAGE "fftss"
#define PACKAGE_BUGREPORT ""
#define PACKAGE_NAME "fftss"
#define PACKAGE_STRING "fftss 3.0"
#define PACKAGE_TARNAME "fftss"
#define PACKAGE_VERSION "3.0"
#define STDC_HEADERS 1
#define TIME_WITH_SYS_TIME 1
#define USE_COMPLEX 1
#define USE_SSE2 1
#define VERSION "3.0"
#endif
#ifdef __cplusplus
extern "C" void std::exit (int) throw (); using std::exit;

configure: exit 0
